<?xml version="1.0" encoding="UTF-8"?>
<testsuite xmlns:xsi="http://www.w3.org/2001/XMLSchema-instance" xsi:noNamespaceSchemaLocation="https://maven.apache.org/surefire/maven-surefire-plugin/xsd/surefire-test-report-3.0.xsd" version="3.0" name="com.wse.qanaryexplanationservice.controller.ExplanationControllerTest$QueryBuilderTests$QaSystemExplanationTest" time="0.894" tests="2" errors="0" skipped="0" failures="0">
  <properties>
    <property name="java.specification.version" value="17"/>
    <property name="sun.jnu.encoding" value="UTF-8"/>
    <property name="java.class.path" value="/home/dschiese/wseresearch/qanary-explanation-service/target/test-classes:/home/dschiese/wseresearch/qanary-explanation-service/target/classes:/home/dschiese/.m2/repository/org/springframework/boot/spring-boot-starter-web/3.1.2/spring-boot-starter-web-3.1.2.jar:/home/dschiese/.m2/repository/org/springframework/boot/spring-boot-starter/3.1.2/spring-boot-starter-3.1.2.jar:/home/dschiese/.m2/repository/org/springframework/boot/spring-boot-autoconfigure/3.1.2/spring-boot-autoconfigure-3.1.2.jar:/home/dschiese/.m2/repository/org/springframework/boot/spring-boot-starter-logging/3.1.2/spring-boot-starter-logging-3.1.2.jar:/home/dschiese/.m2/repository/ch/qos/logback/logback-classic/1.4.8/logback-classic-1.4.8.jar:/home/dschiese/.m2/repository/ch/qos/logback/logback-core/1.4.8/logback-core-1.4.8.jar:/home/dschiese/.m2/repository/org/slf4j/jul-to-slf4j/2.0.7/jul-to-slf4j-2.0.7.jar:/home/dschiese/.m2/repository/jakarta/annotation/jakarta.annotation-api/2.1.1/jakarta.annotation-api-2.1.1.jar:/home/dschiese/.m2/repository/org/yaml/snakeyaml/1.33/snakeyaml-1.33.jar:/home/dschiese/.m2/repository/org/springframework/boot/spring-boot-starter-json/3.1.2/spring-boot-starter-json-3.1.2.jar:/home/dschiese/.m2/repository/com/fasterxml/jackson/datatype/jackson-datatype-jdk8/2.15.2/jackson-datatype-jdk8-2.15.2.jar:/home/dschiese/.m2/repository/org/springframework/boot/spring-boot-starter-tomcat/3.1.2/spring-boot-starter-tomcat-3.1.2.jar:/home/dschiese/.m2/repository/org/apache/tomcat/embed/tomcat-embed-core/10.1.11/tomcat-embed-core-10.1.11.jar:/home/dschiese/.m2/repository/org/apache/tomcat/embed/tomcat-embed-el/10.1.11/tomcat-embed-el-10.1.11.jar:/home/dschiese/.m2/repository/org/apache/tomcat/embed/tomcat-embed-websocket/10.1.11/tomcat-embed-websocket-10.1.11.jar:/home/dschiese/.m2/repository/org/springframework/spring-web/6.0.11/spring-web-6.0.11.jar:/home/dschiese/.m2/repository/io/micrometer/micrometer-observation/1.11.2/micrometer-observation-1.11.2.jar:/home/dschiese/.m2/repository/io/micrometer/micrometer-commons/1.11.2/micrometer-commons-1.11.2.jar:/home/dschiese/.m2/repository/org/springframework/spring-webmvc/6.0.11/spring-webmvc-6.0.11.jar:/home/dschiese/.m2/repository/org/springframework/spring-aop/6.0.11/spring-aop-6.0.11.jar:/home/dschiese/.m2/repository/org/springframework/spring-context/6.0.11/spring-context-6.0.11.jar:/home/dschiese/.m2/repository/org/springframework/spring-expression/6.0.11/spring-expression-6.0.11.jar:/home/dschiese/.m2/repository/org/springframework/boot/spring-boot-starter-webflux/3.1.2/spring-boot-starter-webflux-3.1.2.jar:/home/dschiese/.m2/repository/org/springframework/boot/spring-boot-starter-reactor-netty/3.1.2/spring-boot-starter-reactor-netty-3.1.2.jar:/home/dschiese/.m2/repository/io/projectreactor/netty/reactor-netty-http/1.1.9/reactor-netty-http-1.1.9.jar:/home/dschiese/.m2/repository/io/netty/netty-codec-http/4.1.94.Final/netty-codec-http-4.1.94.Final.jar:/home/dschiese/.m2/repository/io/netty/netty-common/4.1.94.Final/netty-common-4.1.94.Final.jar:/home/dschiese/.m2/repository/io/netty/netty-buffer/4.1.94.Final/netty-buffer-4.1.94.Final.jar:/home/dschiese/.m2/repository/io/netty/netty-transport/4.1.94.Final/netty-transport-4.1.94.Final.jar:/home/dschiese/.m2/repository/io/netty/netty-codec/4.1.94.Final/netty-codec-4.1.94.Final.jar:/home/dschiese/.m2/repository/io/netty/netty-handler/4.1.94.Final/netty-handler-4.1.94.Final.jar:/home/dschiese/.m2/repository/io/netty/netty-codec-http2/4.1.94.Final/netty-codec-http2-4.1.94.Final.jar:/home/dschiese/.m2/repository/io/netty/netty-resolver-dns/4.1.94.Final/netty-resolver-dns-4.1.94.Final.jar:/home/dschiese/.m2/repository/io/netty/netty-resolver/4.1.94.Final/netty-resolver-4.1.94.Final.jar:/home/dschiese/.m2/repository/io/netty/netty-codec-dns/4.1.94.Final/netty-codec-dns-4.1.94.Final.jar:/home/dschiese/.m2/repository/io/netty/netty-resolver-dns-native-macos/4.1.94.Final/netty-resolver-dns-native-macos-4.1.94.Final-osx-x86_64.jar:/home/dschiese/.m2/repository/io/netty/netty-resolver-dns-classes-macos/4.1.94.Final/netty-resolver-dns-classes-macos-4.1.94.Final.jar:/home/dschiese/.m2/repository/io/netty/netty-transport-native-epoll/4.1.94.Final/netty-transport-native-epoll-4.1.94.Final-linux-x86_64.jar:/home/dschiese/.m2/repository/io/netty/netty-transport-native-unix-common/4.1.94.Final/netty-transport-native-unix-common-4.1.94.Final.jar:/home/dschiese/.m2/repository/io/netty/netty-transport-classes-epoll/4.1.94.Final/netty-transport-classes-epoll-4.1.94.Final.jar:/home/dschiese/.m2/repository/io/projectreactor/netty/reactor-netty-core/1.1.9/reactor-netty-core-1.1.9.jar:/home/dschiese/.m2/repository/io/netty/netty-handler-proxy/4.1.94.Final/netty-handler-proxy-4.1.94.Final.jar:/home/dschiese/.m2/repository/io/netty/netty-codec-socks/4.1.94.Final/netty-codec-socks-4.1.94.Final.jar:/home/dschiese/.m2/repository/org/springdoc/springdoc-openapi-starter-webmvc-ui/2.1.0/springdoc-openapi-starter-webmvc-ui-2.1.0.jar:/home/dschiese/.m2/repository/org/springdoc/springdoc-openapi-starter-webmvc-api/2.1.0/springdoc-openapi-starter-webmvc-api-2.1.0.jar:/home/dschiese/.m2/repository/org/springdoc/springdoc-openapi-starter-common/2.1.0/springdoc-openapi-starter-common-2.1.0.jar:/home/dschiese/.m2/repository/io/swagger/core/v3/swagger-core-jakarta/2.2.9/swagger-core-jakarta-2.2.9.jar:/home/dschiese/.m2/repository/io/swagger/core/v3/swagger-annotations-jakarta/2.2.9/swagger-annotations-jakarta-2.2.9.jar:/home/dschiese/.m2/repository/io/swagger/core/v3/swagger-models-jakarta/2.2.9/swagger-models-jakarta-2.2.9.jar:/home/dschiese/.m2/repository/jakarta/validation/jakarta.validation-api/3.0.2/jakarta.validation-api-3.0.2.jar:/home/dschiese/.m2/repository/com/fasterxml/jackson/dataformat/jackson-dataformat-yaml/2.15.2/jackson-dataformat-yaml-2.15.2.jar:/home/dschiese/.m2/repository/org/webjars/swagger-ui/4.18.2/swagger-ui-4.18.2.jar:/home/dschiese/.m2/repository/eu/wdaqua/qanary/qa.commons/3.8.3/qa.commons-3.8.3.jar:/home/dschiese/.m2/repository/org/springframework/boot/spring-boot/3.1.2/spring-boot-3.1.2.jar:/home/dschiese/.m2/repository/org/springframework/boot/spring-boot-starter-thymeleaf/3.1.2/spring-boot-starter-thymeleaf-3.1.2.jar:/home/dschiese/.m2/repository/org/thymeleaf/thymeleaf-spring6/3.1.1.RELEASE/thymeleaf-spring6-3.1.1.RELEASE.jar:/home/dschiese/.m2/repository/org/thymeleaf/thymeleaf/3.1.1.RELEASE/thymeleaf-3.1.1.RELEASE.jar:/home/dschiese/.m2/repository/org/attoparser/attoparser/2.0.6.RELEASE/attoparser-2.0.6.RELEASE.jar:/home/dschiese/.m2/repository/org/unbescape/unbescape/1.1.6.RELEASE/unbescape-1.1.6.RELEASE.jar:/home/dschiese/.m2/repository/de/codecentric/spring-boot-admin-starter-client/2.7.10/spring-boot-admin-starter-client-2.7.10.jar:/home/dschiese/.m2/repository/de/codecentric/spring-boot-admin-client/2.7.10/spring-boot-admin-client-2.7.10.jar:/home/dschiese/.m2/repository/org/springframework/boot/spring-boot-starter-actuator/3.1.2/spring-boot-starter-actuator-3.1.2.jar:/home/dschiese/.m2/repository/org/springframework/boot/spring-boot-actuator-autoconfigure/3.1.2/spring-boot-actuator-autoconfigure-3.1.2.jar:/home/dschiese/.m2/repository/org/springframework/boot/spring-boot-actuator/3.1.2/spring-boot-actuator-3.1.2.jar:/home/dschiese/.m2/repository/io/micrometer/micrometer-core/1.11.2/micrometer-core-1.11.2.jar:/home/dschiese/.m2/repository/org/hdrhistogram/HdrHistogram/2.1.12/HdrHistogram-2.1.12.jar:/home/dschiese/.m2/repository/org/latencyutils/LatencyUtils/2.0.3/LatencyUtils-2.0.3.jar:/home/dschiese/.m2/repository/net/sf/json-lib/json-lib-ext-spring/1.0.2/json-lib-ext-spring-1.0.2.jar:/home/dschiese/.m2/repository/net/sf/json-lib/json-lib/2.2.2/json-lib-2.2.2-jdk15.jar:/home/dschiese/.m2/repository/commons-beanutils/commons-beanutils/1.7.0/commons-beanutils-1.7.0.jar:/home/dschiese/.m2/repository/commons-collections/commons-collections/3.2/commons-collections-3.2.jar:/home/dschiese/.m2/repository/commons-logging/commons-logging/1.1.1/commons-logging-1.1.1.jar:/home/dschiese/.m2/repository/net/sf/ezmorph/ezmorph/1.0.4/ezmorph-1.0.4.jar:/home/dschiese/.m2/repository/javax/servlet/servlet-api/2.4/servlet-api-2.4.jar:/home/dschiese/.m2/repository/log4j/log4j/1.2.14/log4j-1.2.14.jar:/home/dschiese/.m2/repository/org/json/json/20230227/json-20230227.jar:/home/dschiese/.m2/repository/com/google/guava/guava/32.1.2-jre/guava-32.1.2-jre.jar:/home/dschiese/.m2/repository/com/google/guava/failureaccess/1.0.1/failureaccess-1.0.1.jar:/home/dschiese/.m2/repository/com/google/guava/listenablefuture/9999.0-empty-to-avoid-conflict-with-guava/listenablefuture-9999.0-empty-to-avoid-conflict-with-guava.jar:/home/dschiese/.m2/repository/com/google/code/findbugs/jsr305/3.0.2/jsr305-3.0.2.jar:/home/dschiese/.m2/repository/org/checkerframework/checker-qual/3.33.0/checker-qual-3.33.0.jar:/home/dschiese/.m2/repository/com/google/errorprone/error_prone_annotations/2.18.0/error_prone_annotations-2.18.0.jar:/home/dschiese/.m2/repository/com/google/j2objc/j2objc-annotations/2.8/j2objc-annotations-2.8.jar:/home/dschiese/.m2/repository/junit/junit/4.13.2/junit-4.13.2.jar:/home/dschiese/.m2/repository/org/apache/jena/jena-rdfconnection/4.7.0/jena-rdfconnection-4.7.0.jar:/home/dschiese/.m2/repository/org/springframework/boot/spring-boot-starter-cache/3.1.2/spring-boot-starter-cache-3.1.2.jar:/home/dschiese/.m2/repository/org/springframework/spring-context-support/6.0.11/spring-context-support-6.0.11.jar:/home/dschiese/.m2/repository/com/github/ben-manes/caffeine/caffeine/3.1.6/caffeine-3.1.6.jar:/home/dschiese/.m2/repository/com/complexible/stardog/client-http/8.2.2/client-http-8.2.2.jar:/home/dschiese/.m2/repository/com/sun/activation/javax.activation/1.2.0/javax.activation-1.2.0.jar:/home/dschiese/.m2/repository/com/opencsv/opencsv/4.6/opencsv-4.6.jar:/home/dschiese/.m2/repository/org/apache/commons/commons-text/1.3/commons-text-1.3.jar:/home/dschiese/.m2/repository/org/apache/commons/commons-collections4/4.2/commons-collections4-4.2.jar:/home/dschiese/.m2/repository/org/apache/logging/log4j/log4j-iostreams/2.20.0/log4j-iostreams-2.20.0.jar:/home/dschiese/.m2/repository/com/complexible/stardog/protocols/http/stardog-protocols-http-client/8.2.2/stardog-protocols-http-client-8.2.2.jar:/home/dschiese/.m2/repository/org/apache/httpcomponents/httpmime/4.5.13/httpmime-4.5.13.jar:/home/dschiese/.m2/repository/com/complexible/stardog/core/stardog-core-shared/8.2.2/stardog-core-shared-8.2.2.jar:/home/dschiese/.m2/repository/org/quartz-scheduler/quartz/2.3.2/quartz-2.3.2.jar:/home/dschiese/.m2/repository/com/amazonaws/aws-java-sdk-s3/1.11.442/aws-java-sdk-s3-1.11.442.jar:/home/dschiese/.m2/repository/com/amazonaws/aws-java-sdk-kms/1.11.442/aws-java-sdk-kms-1.11.442.jar:/home/dschiese/.m2/repository/com/amazonaws/aws-java-sdk-core/1.11.442/aws-java-sdk-core-1.11.442.jar:/home/dschiese/.m2/repository/software/amazon/ion/ion-java/1.0.2/ion-java-1.0.2.jar:/home/dschiese/.m2/repository/com/fasterxml/jackson/dataformat/jackson-dataformat-cbor/2.15.2/jackson-dataformat-cbor-2.15.2.jar:/home/dschiese/.m2/repository/joda-time/joda-time/2.8.1/joda-time-2.8.1.jar:/home/dschiese/.m2/repository/com/amazonaws/jmespath-java/1.11.442/jmespath-java-1.11.442.jar:/home/dschiese/.m2/repository/com/google/cloud/google-cloud-storage/1.113.14-sp.4/google-cloud-storage-1.113.14-sp.4.jar:/home/dschiese/.m2/repository/org/checkerframework/checker-compat-qual/2.5.5/checker-compat-qual-2.5.5.jar:/home/dschiese/.m2/repository/com/google/http-client/google-http-client/1.39.0/google-http-client-1.39.0.jar:/home/dschiese/.m2/repository/io/opencensus/opencensus-contrib-http-util/0.28.0/opencensus-contrib-http-util-0.28.0.jar:/home/dschiese/.m2/repository/com/google/http-client/google-http-client-jackson2/1.39.0/google-http-client-jackson2-1.39.0.jar:/home/dschiese/.m2/repository/com/google/api-client/google-api-client/1.31.3/google-api-client-1.31.3.jar:/home/dschiese/.m2/repository/com/google/oauth-client/google-oauth-client/1.31.4/google-oauth-client-1.31.4.jar:/home/dschiese/.m2/repository/com/google/http-client/google-http-client-gson/1.39.0/google-http-client-gson-1.39.0.jar:/home/dschiese/.m2/repository/com/google/http-client/google-http-client-apache-v2/1.39.0/google-http-client-apache-v2-1.39.0.jar:/home/dschiese/.m2/repository/com/google/apis/google-api-services-storage/v1-rev20210127-1.31.0/google-api-services-storage-v1-rev20210127-1.31.0.jar:/home/dschiese/.m2/repository/com/google/cloud/google-cloud-core/1.94.3/google-cloud-core-1.94.3.jar:/home/dschiese/.m2/repository/com/google/auto/value/auto-value-annotations/1.7.4/auto-value-annotations-1.7.4.jar:/home/dschiese/.m2/repository/com/google/api/grpc/proto-google-common-protos/2.1.0/proto-google-common-protos-2.1.0.jar:/home/dschiese/.m2/repository/com/google/cloud/google-cloud-core-http/1.94.3/google-cloud-core-http-1.94.3.jar:/home/dschiese/.m2/repository/com/google/http-client/google-http-client-appengine/1.39.0/google-http-client-appengine-1.39.0.jar:/home/dschiese/.m2/repository/com/google/api/gax-httpjson/0.79.0/gax-httpjson-0.79.0.jar:/home/dschiese/.m2/repository/com/google/api/gax/1.62.0/gax-1.62.0.jar:/home/dschiese/.m2/repository/com/google/auth/google-auth-library-credentials/0.24.1/google-auth-library-credentials-0.24.1.jar:/home/dschiese/.m2/repository/com/google/auth/google-auth-library-oauth2-http/0.24.1/google-auth-library-oauth2-http-0.24.1.jar:/home/dschiese/.m2/repository/com/google/api/api-common/1.10.1/api-common-1.10.1.jar:/home/dschiese/.m2/repository/javax/annotation/javax.annotation-api/1.3.2/javax.annotation-api-1.3.2.jar:/home/dschiese/.m2/repository/io/opencensus/opencensus-api/0.28.0/opencensus-api-0.28.0.jar:/home/dschiese/.m2/repository/io/grpc/grpc-context/1.36.0/grpc-context-1.36.0.jar:/home/dschiese/.m2/repository/com/google/api/grpc/proto-google-iam-v1/1.0.10/proto-google-iam-v1-1.0.10.jar:/home/dschiese/.m2/repository/com/google/protobuf/protobuf-java-util/3.15.5/protobuf-java-util-3.15.5.jar:/home/dschiese/.m2/repository/org/threeten/threetenbp/1.5.0/threetenbp-1.5.0.jar:/home/dschiese/.m2/repository/com/azure/azure-storage-blob/12.19.1/azure-storage-blob-12.19.1.jar:/home/dschiese/.m2/repository/com/azure/azure-core/1.32.0/azure-core-1.32.0.jar:/home/dschiese/.m2/repository/com/fasterxml/jackson/dataformat/jackson-dataformat-xml/2.15.2/jackson-dataformat-xml-2.15.2.jar:/home/dschiese/.m2/repository/org/codehaus/woodstox/stax2-api/4.2.1/stax2-api-4.2.1.jar:/home/dschiese/.m2/repository/com/fasterxml/woodstox/woodstox-core/6.5.1/woodstox-core-6.5.1.jar:/home/dschiese/.m2/repository/com/azure/azure-core-http-netty/1.12.5/azure-core-http-netty-1.12.5.jar:/home/dschiese/.m2/repository/io/netty/netty-transport-native-kqueue/4.1.94.Final/netty-transport-native-kqueue-4.1.94.Final-osx-x86_64.jar:/home/dschiese/.m2/repository/io/netty/netty-transport-classes-kqueue/4.1.94.Final/netty-transport-classes-kqueue-4.1.94.Final.jar:/home/dschiese/.m2/repository/io/netty/netty-tcnative-boringssl-static/2.0.61.Final/netty-tcnative-boringssl-static-2.0.61.Final.jar:/home/dschiese/.m2/repository/io/netty/netty-tcnative-classes/2.0.61.Final/netty-tcnative-classes-2.0.61.Final.jar:/home/dschiese/.m2/repository/io/netty/netty-tcnative-boringssl-static/2.0.61.Final/netty-tcnative-boringssl-static-2.0.61.Final-linux-x86_64.jar:/home/dschiese/.m2/repository/io/netty/netty-tcnative-boringssl-static/2.0.61.Final/netty-tcnative-boringssl-static-2.0.61.Final-linux-aarch_64.jar:/home/dschiese/.m2/repository/io/netty/netty-tcnative-boringssl-static/2.0.61.Final/netty-tcnative-boringssl-static-2.0.61.Final-osx-x86_64.jar:/home/dschiese/.m2/repository/io/netty/netty-tcnative-boringssl-static/2.0.61.Final/netty-tcnative-boringssl-static-2.0.61.Final-osx-aarch_64.jar:/home/dschiese/.m2/repository/io/netty/netty-tcnative-boringssl-static/2.0.61.Final/netty-tcnative-boringssl-static-2.0.61.Final-windows-x86_64.jar:/home/dschiese/.m2/repository/com/azure/azure-storage-common/12.18.1/azure-storage-common-12.18.1.jar:/home/dschiese/.m2/repository/com/azure/azure-storage-internal-avro/12.4.2/azure-storage-internal-avro-12.4.2.jar:/home/dschiese/.m2/repository/com/complexible/stardog/memory/stardog-memory/8.2.2/stardog-memory-8.2.2.jar:/home/dschiese/.m2/repository/com/complexible/stardog/cluster/stardog-pack-replication-shared/8.2.2/stardog-pack-replication-shared-8.2.2.jar:/home/dschiese/.m2/repository/org/apache/zookeeper/zookeeper/3.7.1/zookeeper-3.7.1.jar:/home/dschiese/.m2/repository/org/apache/zookeeper/zookeeper-jute/3.7.1/zookeeper-jute-3.7.1.jar:/home/dschiese/.m2/repository/org/apache/yetus/audience-annotations/0.12.0/audience-annotations-0.12.0.jar:/home/dschiese/.m2/repository/io/netty/netty-transport-native-epoll/4.1.94.Final/netty-transport-native-epoll-4.1.94.Final.jar:/home/dschiese/.m2/repository/org/apache/curator/curator-framework/5.4.0/curator-framework-5.4.0.jar:/home/dschiese/.m2/repository/org/apache/curator/curator-client/5.4.0/curator-client-5.4.0.jar:/home/dschiese/.m2/repository/org/apache/curator/curator-recipes/5.4.0/curator-recipes-5.4.0.jar:/home/dschiese/.m2/repository/org/apache/logging/log4j/log4j-1.2-api/2.20.0/log4j-1.2-api-2.20.0.jar:/home/dschiese/.m2/repository/org/apache/logging/log4j/log4j-api/2.20.0/log4j-api-2.20.0.jar:/home/dschiese/.m2/repository/com/complexible/stardog/core/stardog/8.2.2/stardog-8.2.2.jar:/home/dschiese/.m2/repository/org/apache/logging/log4j/log4j-core/2.20.0/log4j-core-2.20.0.jar:/home/dschiese/.m2/repository/com/complexible/stardog/security/stardog-core-security/8.2.2/stardog-core-security-8.2.2.jar:/home/dschiese/.m2/repository/org/mindrot/jbcrypt/0.4/jbcrypt-0.4.jar:/home/dschiese/.m2/repository/com/auth0/java-jwt/3.11.0/java-jwt-3.11.0.jar:/home/dschiese/.m2/repository/com/auth0/jwks-rsa/0.14.0/jwks-rsa-0.14.0.jar:/home/dschiese/.m2/repository/com/complexible/stardog/graphql/stardog-graphql-shared/8.2.2/stardog-graphql-shared-8.2.2.jar:/home/dschiese/.m2/repository/com/graphql-java/graphql-java/20.2/graphql-java-20.2.jar:/home/dschiese/.m2/repository/com/graphql-java/java-dataloader/3.2.0/java-dataloader-3.2.0.jar:/home/dschiese/.m2/repository/com/complexible/common/protocols/api/stardog-protocols-api-server/8.2.2/stardog-protocols-api-server-8.2.2.jar:/home/dschiese/.m2/repository/com/complexible/license/license-core/3.0.10/license-core-3.0.10.jar:/home/dschiese/.m2/repository/de/schlichtherle/truelicense/truelicense-core/1.33/truelicense-core-1.33.jar:/home/dschiese/.m2/repository/de/schlichtherle/truelicense/truelicense-xml/1.33/truelicense-xml-1.33.jar:/home/dschiese/.m2/repository/commons-math/commons-math/1.2/commons-math-1.2.jar:/home/dschiese/.m2/repository/org/apache/lucene/lucene-core/7.4.0/lucene-core-7.4.0.jar:/home/dschiese/.m2/repository/io/dropwizard/metrics/metrics-core/4.2.19/metrics-core-4.2.19.jar:/home/dschiese/.m2/repository/io/dropwizard/metrics/metrics-jvm/4.2.19/metrics-jvm-4.2.19.jar:/home/dschiese/.m2/repository/com/upplication/s3fs/2.2.2/s3fs-2.2.2.jar:/home/dschiese/.m2/repository/org/ehcache/sizeof/0.3.0/sizeof-0.3.0.jar:/home/dschiese/.m2/repository/net/openhft/zero-allocation-hashing/0.8/zero-allocation-hashing-0.8.jar:/home/dschiese/.m2/repository/com/google/inject/extensions/guice-assistedinject/4.2.3/guice-assistedinject-4.2.3.jar:/home/dschiese/.m2/repository/com/google/inject/extensions/guice-throwingproviders/4.2.3/guice-throwingproviders-4.2.3.jar:/home/dschiese/.m2/repository/aopalliance/aopalliance/1.0/aopalliance-1.0.jar:/home/dschiese/.m2/repository/org/apache/shiro/shiro-core/1.10.0/shiro-core-1.10.0.jar:/home/dschiese/.m2/repository/org/apache/shiro/shiro-lang/1.10.0/shiro-lang-1.10.0.jar:/home/dschiese/.m2/repository/org/apache/shiro/shiro-cache/1.10.0/shiro-cache-1.10.0.jar:/home/dschiese/.m2/repository/org/apache/shiro/shiro-crypto-hash/1.10.0/shiro-crypto-hash-1.10.0.jar:/home/dschiese/.m2/repository/org/apache/shiro/shiro-crypto-core/1.10.0/shiro-crypto-core-1.10.0.jar:/home/dschiese/.m2/repository/org/apache/shiro/shiro-crypto-cipher/1.10.0/shiro-crypto-cipher-1.10.0.jar:/home/dschiese/.m2/repository/org/apache/shiro/shiro-config-core/1.10.0/shiro-config-core-1.10.0.jar:/home/dschiese/.m2/repository/org/apache/shiro/shiro-config-ogdl/1.10.0/shiro-config-ogdl-1.10.0.jar:/home/dschiese/.m2/repository/org/apache/shiro/shiro-event/1.10.0/shiro-event-1.10.0.jar:/home/dschiese/.m2/repository/com/complexible/stardog/protocols/http/stardog-protocols-http-shared/8.2.2/stardog-protocols-http-shared-8.2.2.jar:/home/dschiese/.m2/repository/io/swagger/core/v3/swagger-jaxrs2/2.2.2/swagger-jaxrs2-2.2.2.jar:/home/dschiese/.m2/repository/io/github/classgraph/classgraph/4.8.149/classgraph-4.8.149.jar:/home/dschiese/.m2/repository/org/javassist/javassist/3.25.0-GA/javassist-3.25.0-GA.jar:/home/dschiese/.m2/repository/io/swagger/core/v3/swagger-integration/2.2.2/swagger-integration-2.2.2.jar:/home/dschiese/.m2/repository/io/swagger/core/v3/swagger-core/2.2.2/swagger-core-2.2.2.jar:/home/dschiese/.m2/repository/io/swagger/core/v3/swagger-annotations/2.2.2/swagger-annotations-2.2.2.jar:/home/dschiese/.m2/repository/com/complexible/stardog/icv/stardog-icv-api/8.2.2/stardog-icv-api-8.2.2.jar:/home/dschiese/.m2/repository/com/complexible/stardog/icv/stardog-icv-shared/8.2.2/stardog-icv-shared-8.2.2.jar:/home/dschiese/.m2/repository/com/complexible/stardog/utils/stardog-utils-rdf/8.2.2/stardog-utils-rdf-8.2.2.jar:/home/dschiese/.m2/repository/com/stardog/stark/stardog-stark-model/8.2.2/stardog-stark-model-8.2.2.jar:/home/dschiese/.m2/repository/com/stardog/stark/io/stardog-stark-io-binary/8.2.2/stardog-stark-io-binary-8.2.2.jar:/home/dschiese/.m2/repository/com/stardog/stark/io/stardog-stark-io-api/8.2.2/stardog-stark-io-api-8.2.2.jar:/home/dschiese/.m2/repository/com/stardog/stark/io/stardog-stark-io-nquads/8.2.2/stardog-stark-io-nquads-8.2.2.jar:/home/dschiese/.m2/repository/com/stardog/stark/io/stardog-stark-io-ntriples/8.2.2/stardog-stark-io-ntriples-8.2.2.jar:/home/dschiese/.m2/repository/com/stardog/stark/io/stardog-stark-io-rdfjson/8.2.2/stardog-stark-io-rdfjson-8.2.2.jar:/home/dschiese/.m2/repository/com/stardog/stark/io/stardog-stark-io-rdfxml/8.2.2/stardog-stark-io-rdfxml-8.2.2.jar:/home/dschiese/.m2/repository/com/stardog/stark/io/stardog-stark-io-turtle/8.2.2/stardog-stark-io-turtle-8.2.2.jar:/home/dschiese/.m2/repository/com/stardog/stark/io/stardog-stark-io-trig/8.2.2/stardog-stark-io-trig-8.2.2.jar:/home/dschiese/.m2/repository/com/stardog/stark/io/stardog-stark-io-n3/8.2.2/stardog-stark-io-n3-8.2.2.jar:/home/dschiese/.m2/repository/com/stardog/stark/io/stardog-stark-io-jsonld/8.2.2/stardog-stark-io-jsonld-8.2.2.jar:/home/dschiese/.m2/repository/com/stardog/stark/query/io/stardog-stark-query-binary/8.2.2/stardog-stark-query-binary-8.2.2.jar:/home/dschiese/.m2/repository/com/stardog/stark/query/io/stardog-stark-query-io/8.2.2/stardog-stark-query-io-8.2.2.jar:/home/dschiese/.m2/repository/com/stardog/stark/query/stardog-stark-query-api/8.2.2/stardog-stark-query-api-8.2.2.jar:/home/dschiese/.m2/repository/com/stardog/stark/query/io/stardog-stark-query-json/8.2.2/stardog-stark-query-json-8.2.2.jar:/home/dschiese/.m2/repository/com/stardog/stark/query/io/stardog-stark-query-xml/8.2.2/stardog-stark-query-xml-8.2.2.jar:/home/dschiese/.m2/repository/com/stardog/stark/query/io/stardog-stark-query-text/8.2.2/stardog-stark-query-text-8.2.2.jar:/home/dschiese/.m2/repository/org/apache/httpcomponents/httpclient-osgi/4.5.13/httpclient-osgi-4.5.13.jar:/home/dschiese/.m2/repository/org/apache/httpcomponents/fluent-hc/4.5.13/fluent-hc-4.5.13.jar:/home/dschiese/.m2/repository/xerces/xercesImpl/2.12.1/xercesImpl-2.12.1.jar:/home/dschiese/.m2/repository/xml-apis/xml-apis/1.4.01/xml-apis-1.4.01.jar:/home/dschiese/.m2/repository/com/brsanthu/data-exporter/1.0.4/data-exporter-1.0.4.jar:/home/dschiese/.m2/repository/com/carrotsearch/hppc/0.7.1/hppc-0.7.1.jar:/home/dschiese/.m2/repository/com/complexible/stardog/virtual/stardog-virtual-api/8.2.2/stardog-virtual-api-8.2.2.jar:/home/dschiese/.m2/repository/com/complexible/stardog/icv/http/stardog-icv-protocols-http-client/8.2.2/stardog-icv-protocols-http-client-8.2.2.jar:/home/dschiese/.m2/repository/javax/mail/mailapi/1.4.3/mailapi-1.4.3.jar:/home/dschiese/.m2/repository/com/complexible/stardog/icv/stardog-icv-api_snarl/8.2.2/stardog-icv-api_snarl-8.2.2.jar:/home/dschiese/.m2/repository/com/complexible/stardog/cache/stardog-cache-api/8.2.2/stardog-cache-api-8.2.2.jar:/home/dschiese/.m2/repository/com/complexible/stardog/reasoning/http/stardog-reasoning-protocols-http-client/8.2.2/stardog-reasoning-protocols-http-client-8.2.2.jar:/home/dschiese/.m2/repository/com/complexible/stardog/reasoning/stardog-reasoning-api/8.2.2/stardog-reasoning-api-8.2.2.jar:/home/dschiese/.m2/repository/com/complexible/stardog/reasoning/stardog-reasoning-shared/8.2.2/stardog-reasoning-shared-8.2.2.jar:/home/dschiese/.m2/repository/com/complexible/stardog/search/http/stardog-search-protocols-http-client/8.2.2/stardog-search-protocols-http-client-8.2.2.jar:/home/dschiese/.m2/repository/com/complexible/stardog/search/stardog-search-api/8.2.2/stardog-search-api-8.2.2.jar:/home/dschiese/.m2/repository/com/complexible/stardog/bites/http/stardog-bites-protocols-http-client/8.2.2/stardog-bites-protocols-http-client-8.2.2.jar:/home/dschiese/.m2/repository/com/complexible/stardog/utils/stardog-utils-common/8.2.2/stardog-utils-common-8.2.2.jar:/home/dschiese/.m2/repository/com/google/inject/guice/4.2.3/guice-4.2.3.jar:/home/dschiese/.m2/repository/javax/inject/javax.inject/1/javax.inject-1.jar:/home/dschiese/.m2/repository/com/google/inject/extensions/guice-multibindings/4.2.3/guice-multibindings-4.2.3.jar:/home/dschiese/.m2/repository/com/complexible/stardog/bites/stardog-bites-shared/8.2.2/stardog-bites-shared-8.2.2.jar:/home/dschiese/.m2/repository/com/complexible/stardog/bites/stardog-bites-api/8.2.2/stardog-bites-api-8.2.2.jar:/home/dschiese/.m2/repository/com/complexible/stardog/bites/http/stardog-bites-protocols-http-shared/8.2.2/stardog-bites-protocols-http-shared-8.2.2.jar:/home/dschiese/.m2/repository/com/complexible/stardog/virtual/http/stardog-virtual-protocols-http-client/8.2.2/stardog-virtual-protocols-http-client-8.2.2.jar:/home/dschiese/.m2/repository/com/complexible/stardog/virtual/http/stardog-virtual-protocols-http-shared/8.2.2/stardog-virtual-protocols-http-shared-8.2.2.jar:/home/dschiese/.m2/repository/com/complexible/stardog/graphql/http/stardog-graphql-protocols-http-client/8.2.2/stardog-graphql-protocols-http-client-8.2.2.jar:/home/dschiese/.m2/repository/com/complexible/stardog/graphql/http/stardog-graphql-protocols-http-shared/8.2.2/stardog-graphql-protocols-http-shared-8.2.2.jar:/home/dschiese/.m2/repository/com/complexible/stardog/graphql/stardog-graphql-api/8.2.2/stardog-graphql-api-8.2.2.jar:/home/dschiese/.m2/repository/com/complexible/stardog/jena/stardog-jena/8.2.2/stardog-jena-8.2.2.jar:/home/dschiese/.m2/repository/com/complexible/stardog/stardog-api/8.2.2/stardog-api-8.2.2.jar:/home/dschiese/.m2/repository/commons-pool/commons-pool/1.6/commons-pool-1.6.jar:/home/dschiese/.m2/repository/com/openlinksw/virt_jena_v3_10/1.42/virt_jena_v3_10-1.42.jar:/home/dschiese/.m2/repository/com/openlinksw/virtjdbc4_3/3.122/virtjdbc4_3-3.122.jar:/home/dschiese/.m2/repository/org/apache/logging/log4j/log4j-to-slf4j/2.20.0/log4j-to-slf4j-2.20.0.jar:/home/dschiese/.m2/repository/com/google/code/gson/gson/2.10.1/gson-2.10.1.jar:/home/dschiese/.m2/repository/org/glassfish/jaxb/jaxb-runtime/4.0.3/jaxb-runtime-4.0.3.jar:/home/dschiese/.m2/repository/org/glassfish/jaxb/jaxb-core/4.0.3/jaxb-core-4.0.3.jar:/home/dschiese/.m2/repository/org/eclipse/angus/angus-activation/2.0.1/angus-activation-2.0.1.jar:/home/dschiese/.m2/repository/org/glassfish/jaxb/txw2/4.0.3/txw2-4.0.3.jar:/home/dschiese/.m2/repository/com/sun/istack/istack-commons-runtime/4.1.2/istack-commons-runtime-4.1.2.jar:/home/dschiese/.m2/repository/jakarta/xml/bind/jakarta.xml.bind-api/4.0.0/jakarta.xml.bind-api-4.0.0.jar:/home/dschiese/.m2/repository/jakarta/activation/jakarta.activation-api/2.1.2/jakarta.activation-api-2.1.2.jar:/home/dschiese/.m2/repository/javax/xml/bind/jaxb-api/2.3.1/jaxb-api-2.3.1.jar:/home/dschiese/.m2/repository/javax/activation/javax.activation-api/1.2.0/javax.activation-api-1.2.0.jar:/home/dschiese/.m2/repository/org/springframework/boot/spring-boot-starter-test/3.1.2/spring-boot-starter-test-3.1.2.jar:/home/dschiese/.m2/repository/org/springframework/boot/spring-boot-test/3.1.2/spring-boot-test-3.1.2.jar:/home/dschiese/.m2/repository/org/springframework/boot/spring-boot-test-autoconfigure/3.1.2/spring-boot-test-autoconfigure-3.1.2.jar:/home/dschiese/.m2/repository/com/jayway/jsonpath/json-path/2.8.0/json-path-2.8.0.jar:/home/dschiese/.m2/repository/net/minidev/json-smart/2.4.11/json-smart-2.4.11.jar:/home/dschiese/.m2/repository/net/minidev/accessors-smart/2.4.11/accessors-smart-2.4.11.jar:/home/dschiese/.m2/repository/org/ow2/asm/asm/9.3/asm-9.3.jar:/home/dschiese/.m2/repository/org/assertj/assertj-core/3.24.2/assertj-core-3.24.2.jar:/home/dschiese/.m2/repository/org/hamcrest/hamcrest/2.2/hamcrest-2.2.jar:/home/dschiese/.m2/repository/org/junit/jupiter/junit-jupiter/5.9.3/junit-jupiter-5.9.3.jar:/home/dschiese/.m2/repository/org/junit/jupiter/junit-jupiter-params/5.9.3/junit-jupiter-params-5.9.3.jar:/home/dschiese/.m2/repository/org/mockito/mockito-junit-jupiter/5.3.1/mockito-junit-jupiter-5.3.1.jar:/home/dschiese/.m2/repository/org/skyscreamer/jsonassert/1.5.1/jsonassert-1.5.1.jar:/home/dschiese/.m2/repository/com/vaadin/external/google/android-json/0.0.20131108.vaadin1/android-json-0.0.20131108.vaadin1.jar:/home/dschiese/.m2/repository/org/springframework/spring-core/6.0.11/spring-core-6.0.11.jar:/home/dschiese/.m2/repository/org/springframework/spring-jcl/6.0.11/spring-jcl-6.0.11.jar:/home/dschiese/.m2/repository/org/springframework/spring-test/6.0.11/spring-test-6.0.11.jar:/home/dschiese/.m2/repository/org/xmlunit/xmlunit-core/2.9.1/xmlunit-core-2.9.1.jar:/home/dschiese/.m2/repository/com/h2database/h2/2.1.214/h2-2.1.214.jar:/home/dschiese/.m2/repository/org/junit/jupiter/junit-jupiter-engine/5.9.3/junit-jupiter-engine-5.9.3.jar:/home/dschiese/.m2/repository/org/junit/platform/junit-platform-engine/1.9.3/junit-platform-engine-1.9.3.jar:/home/dschiese/.m2/repository/org/apiguardian/apiguardian-api/1.1.2/apiguardian-api-1.1.2.jar:/home/dschiese/.m2/repository/org/junit/jupiter/junit-jupiter-api/5.9.3/junit-jupiter-api-5.9.3.jar:/home/dschiese/.m2/repository/org/opentest4j/opentest4j/1.2.0/opentest4j-1.2.0.jar:/home/dschiese/.m2/repository/org/junit/platform/junit-platform-commons/1.9.3/junit-platform-commons-1.9.3.jar:/home/dschiese/.m2/repository/org/hamcrest/hamcrest-library/2.2/hamcrest-library-2.2.jar:/home/dschiese/.m2/repository/org/hamcrest/hamcrest-core/2.2/hamcrest-core-2.2.jar:/home/dschiese/.m2/repository/org/apache/commons/commons-lang3/3.12.0/commons-lang3-3.12.0.jar:/home/dschiese/.m2/repository/org/apache/jena/jena-rdfpatch/4.8.0/jena-rdfpatch-4.8.0.jar:/home/dschiese/.m2/repository/org/apache/jena/jena-shacl/4.8.0/jena-shacl-4.8.0.jar:/home/dschiese/.m2/repository/org/apache/jena/jena-shex/4.8.0/jena-shex-4.8.0.jar:/home/dschiese/.m2/repository/org/apache/jena/jena-tdb/4.8.0/jena-tdb-4.8.0.jar:/home/dschiese/.m2/repository/org/apache/jena/jena-tdb2/4.8.0/jena-tdb2-4.8.0.jar:/home/dschiese/.m2/repository/org/apache/jena/jena-dboe-storage/4.8.0/jena-dboe-storage-4.8.0.jar:/home/dschiese/.m2/repository/org/apache/jena/jena-dboe-trans-data/4.8.0/jena-dboe-trans-data-4.8.0.jar:/home/dschiese/.m2/repository/org/apache/jena/jena-dboe-transaction/4.8.0/jena-dboe-transaction-4.8.0.jar:/home/dschiese/.m2/repository/org/apache/jena/jena-dboe-base/4.8.0/jena-dboe-base-4.8.0.jar:/home/dschiese/.m2/repository/org/apache/jena/jena-dboe-index/4.8.0/jena-dboe-index-4.8.0.jar:/home/dschiese/.m2/repository/com/fasterxml/jackson/datatype/jackson-datatype-jsr310/2.12.6/jackson-datatype-jsr310-2.12.6.jar:/home/dschiese/.m2/repository/com/fasterxml/jackson/core/jackson-annotations/2.15.2/jackson-annotations-2.15.2.jar:/home/dschiese/.m2/repository/com/fasterxml/jackson/core/jackson-core/2.15.2/jackson-core-2.15.2.jar:/home/dschiese/.m2/repository/org/springframework/spring-webflux/6.0.11/spring-webflux-6.0.11.jar:/home/dschiese/.m2/repository/org/springframework/spring-beans/6.0.11/spring-beans-6.0.11.jar:/home/dschiese/.m2/repository/io/projectreactor/reactor-core/3.5.8/reactor-core-3.5.8.jar:/home/dschiese/.m2/repository/org/reactivestreams/reactive-streams/1.0.4/reactive-streams-1.0.4.jar:/home/dschiese/.m2/repository/org/apache/jena/jena-arq/4.8.0/jena-arq-4.8.0.jar:/home/dschiese/.m2/repository/org/apache/jena/jena-core/4.8.0/jena-core-4.8.0.jar:/home/dschiese/.m2/repository/org/apache/jena/jena-base/4.8.0/jena-base-4.8.0.jar:/home/dschiese/.m2/repository/org/apache/jena/jena-shaded-guava/4.8.0/jena-shaded-guava-4.8.0.jar:/home/dschiese/.m2/repository/org/apache/commons/commons-csv/1.10.0/commons-csv-1.10.0.jar:/home/dschiese/.m2/repository/commons-codec/commons-codec/1.15/commons-codec-1.15.jar:/home/dschiese/.m2/repository/com/github/andrewoma/dexx/collection/0.7/collection-0.7.jar:/home/dschiese/.m2/repository/org/apache/jena/jena-iri/4.8.0/jena-iri-4.8.0.jar:/home/dschiese/.m2/repository/commons-cli/commons-cli/1.5.0/commons-cli-1.5.0.jar:/home/dschiese/.m2/repository/com/github/jsonld-java/jsonld-java/0.13.4/jsonld-java-0.13.4.jar:/home/dschiese/.m2/repository/org/apache/httpcomponents/httpclient-cache/4.5.14/httpclient-cache-4.5.14.jar:/home/dschiese/.m2/repository/org/apache/httpcomponents/httpclient/4.5.14/httpclient-4.5.14.jar:/home/dschiese/.m2/repository/org/slf4j/jcl-over-slf4j/2.0.7/jcl-over-slf4j-2.0.7.jar:/home/dschiese/.m2/repository/com/apicatalog/titanium-json-ld/1.3.2/titanium-json-ld-1.3.2.jar:/home/dschiese/.m2/repository/org/glassfish/jakarta.json/2.0.1/jakarta.json-2.0.1.jar:/home/dschiese/.m2/repository/com/google/protobuf/protobuf-java/3.22.2/protobuf-java-3.22.2.jar:/home/dschiese/.m2/repository/org/apache/thrift/libthrift/0.18.1/libthrift-0.18.1.jar:/home/dschiese/.m2/repository/org/apache/maven/surefire/surefire-junit-platform/3.0.0/surefire-junit-platform-3.0.0.jar:/home/dschiese/.m2/repository/org/apache/maven/surefire/common-java5/3.0.0/common-java5-3.0.0.jar:/home/dschiese/.m2/repository/org/apache/maven/surefire/surefire-shared-utils/3.0.0/surefire-shared-utils-3.0.0.jar:/home/dschiese/.m2/repository/org/junit/platform/junit-platform-launcher/1.9.3/junit-platform-launcher-1.9.3.jar:/home/dschiese/.m2/repository/org/apache/maven/surefire/surefire-api/3.0.0/surefire-api-3.0.0.jar:/home/dschiese/.m2/repository/org/apache/maven/surefire/surefire-logger-api/3.0.0/surefire-logger-api-3.0.0.jar:/home/dschiese/.m2/repository/org/mockito/mockito-core/5.3.1/mockito-core-5.3.1.jar:/home/dschiese/.m2/repository/net/bytebuddy/byte-buddy/1.14.5/byte-buddy-1.14.5.jar:/home/dschiese/.m2/repository/net/bytebuddy/byte-buddy-agent/1.14.5/byte-buddy-agent-1.14.5.jar:/home/dschiese/.m2/repository/org/objenesis/objenesis/3.3/objenesis-3.3.jar:/home/dschiese/.m2/repository/com/fasterxml/jackson/core/jackson-databind/2.15.2/jackson-databind-2.15.2.jar:/home/dschiese/.m2/repository/com/spotify/docker-client/8.16.0/docker-client-8.16.0.jar:/home/dschiese/.m2/repository/org/slf4j/slf4j-api/2.0.7/slf4j-api-2.0.7.jar:/home/dschiese/.m2/repository/com/fasterxml/jackson/jaxrs/jackson-jaxrs-json-provider/2.15.2/jackson-jaxrs-json-provider-2.15.2.jar:/home/dschiese/.m2/repository/com/fasterxml/jackson/jaxrs/jackson-jaxrs-base/2.15.2/jackson-jaxrs-base-2.15.2.jar:/home/dschiese/.m2/repository/com/fasterxml/jackson/module/jackson-module-jaxb-annotations/2.15.2/jackson-module-jaxb-annotations-2.15.2.jar:/home/dschiese/.m2/repository/com/fasterxml/jackson/datatype/jackson-datatype-guava/2.15.2/jackson-datatype-guava-2.15.2.jar:/home/dschiese/.m2/repository/org/glassfish/jersey/core/jersey-client/3.1.2/jersey-client-3.1.2.jar:/home/dschiese/.m2/repository/jakarta/ws/rs/jakarta.ws.rs-api/3.1.0/jakarta.ws.rs-api-3.1.0.jar:/home/dschiese/.m2/repository/org/glassfish/jersey/core/jersey-common/3.1.2/jersey-common-3.1.2.jar:/home/dschiese/.m2/repository/org/glassfish/hk2/osgi-resource-locator/1.0.3/osgi-resource-locator-1.0.3.jar:/home/dschiese/.m2/repository/jakarta/inject/jakarta.inject-api/2.0.1/jakarta.inject-api-2.0.1.jar:/home/dschiese/.m2/repository/org/glassfish/jersey/connectors/jersey-apache-connector/3.1.2/jersey-apache-connector-3.1.2.jar:/home/dschiese/.m2/repository/org/glassfish/jersey/media/jersey-media-json-jackson/3.1.2/jersey-media-json-jackson-3.1.2.jar:/home/dschiese/.m2/repository/org/glassfish/jersey/ext/jersey-entity-filtering/3.1.2/jersey-entity-filtering-3.1.2.jar:/home/dschiese/.m2/repository/com/fasterxml/jackson/module/jackson-module-jakarta-xmlbind-annotations/2.15.2/jackson-module-jakarta-xmlbind-annotations-2.15.2.jar:/home/dschiese/.m2/repository/javax/activation/activation/1.1/activation-1.1.jar:/home/dschiese/.m2/repository/org/apache/commons/commons-compress/1.18/commons-compress-1.18.jar:/home/dschiese/.m2/repository/commons-io/commons-io/2.5/commons-io-2.5.jar:/home/dschiese/.m2/repository/org/apache/httpcomponents/httpcore/4.4.16/httpcore-4.4.16.jar:/home/dschiese/.m2/repository/com/github/jnr/jnr-unixsocket/0.18/jnr-unixsocket-0.18.jar:/home/dschiese/.m2/repository/com/github/jnr/jnr-ffi/2.1.4/jnr-ffi-2.1.4.jar:/home/dschiese/.m2/repository/com/github/jnr/jffi/1.2.15/jffi-1.2.15.jar:/home/dschiese/.m2/repository/com/github/jnr/jffi/1.2.15/jffi-1.2.15-native.jar:/home/dschiese/.m2/repository/org/ow2/asm/asm-commons/5.0.3/asm-commons-5.0.3.jar:/home/dschiese/.m2/repository/org/ow2/asm/asm-analysis/5.0.3/asm-analysis-5.0.3.jar:/home/dschiese/.m2/repository/org/ow2/asm/asm-tree/5.0.3/asm-tree-5.0.3.jar:/home/dschiese/.m2/repository/org/ow2/asm/asm-util/5.0.3/asm-util-5.0.3.jar:/home/dschiese/.m2/repository/com/github/jnr/jnr-x86asm/1.0.2/jnr-x86asm-1.0.2.jar:/home/dschiese/.m2/repository/com/github/jnr/jnr-constants/0.9.8/jnr-constants-0.9.8.jar:/home/dschiese/.m2/repository/com/github/jnr/jnr-enxio/0.16/jnr-enxio-0.16.jar:/home/dschiese/.m2/repository/com/github/jnr/jnr-posix/3.0.35/jnr-posix-3.0.35.jar:/home/dschiese/.m2/repository/commons-lang/commons-lang/2.6/commons-lang-2.6.jar:/home/dschiese/.m2/repository/org/bouncycastle/bcpkix-jdk15on/1.60/bcpkix-jdk15on-1.60.jar:/home/dschiese/.m2/repository/org/bouncycastle/bcprov-jdk15on/1.60/bcprov-jdk15on-1.60.jar:/home/dschiese/.m2/repository/io/swagger/core/v3/swagger-models/2.2.9/swagger-models-2.2.9.jar:/home/dschiese/.m2/repository/org/springframework/boot/spring-boot-buildpack-platform/3.1.2/spring-boot-buildpack-platform-3.1.2.jar:/home/dschiese/.m2/repository/com/fasterxml/jackson/module/jackson-module-parameter-names/2.15.2/jackson-module-parameter-names-2.15.2.jar:/home/dschiese/.m2/repository/net/java/dev/jna/jna-platform/5.7.0/jna-platform-5.7.0.jar:/home/dschiese/.m2/repository/net/java/dev/jna/jna/5.7.0/jna-5.7.0.jar:/home/dschiese/.m2/repository/org/apache/httpcomponents/client5/httpclient5/5.2.1/httpclient5-5.2.1.jar:/home/dschiese/.m2/repository/org/apache/httpcomponents/core5/httpcore5/5.2.2/httpcore5-5.2.2.jar:/home/dschiese/.m2/repository/org/apache/httpcomponents/core5/httpcore5-h2/5.2.2/httpcore5-h2-5.2.2.jar:/home/dschiese/.m2/repository/org/tomlj/tomlj/1.0.0/tomlj-1.0.0.jar:/home/dschiese/.m2/repository/org/antlr/antlr4-runtime/4.7.2/antlr4-runtime-4.7.2.jar:"/>
    <property name="java.vm.vendor" value="Red Hat, Inc."/>
    <property name="sun.arch.data.model" value="64"/>
    <property name="java.vendor.url" value="https://www.redhat.com/"/>
    <property name="user.timezone" value="Europe/Berlin"/>
    <property name="os.name" value="Linux"/>
    <property name="java.vm.specification.version" value="17"/>
    <property name="sun.java.launcher" value="SUN_STANDARD"/>
    <property name="user.country" value="US"/>
    <property name="sun.boot.library.path" value="/usr/lib/jvm/java-17-openjdk-17.0.8.0.7-1.fc38.x86_64/lib"/>
    <property name="sun.java.command" value="/home/dschiese/wseresearch/qanary-explanation-service/target/surefire/surefirebooter-20230921084538893_3.jar /home/dschiese/wseresearch/qanary-explanation-service/target/surefire 2023-09-21T08-45-38_830-jvmRun1 surefire-20230921084538893_1tmp surefire_0-20230921084538893_2tmp"/>
    <property name="jdk.debug" value="release"/>
    <property name="surefire.test.class.path" value="/home/dschiese/wseresearch/qanary-explanation-service/target/test-classes:/home/dschiese/wseresearch/qanary-explanation-service/target/classes:/home/dschiese/.m2/repository/org/springframework/boot/spring-boot-starter-web/3.1.2/spring-boot-starter-web-3.1.2.jar:/home/dschiese/.m2/repository/org/springframework/boot/spring-boot-starter/3.1.2/spring-boot-starter-3.1.2.jar:/home/dschiese/.m2/repository/org/springframework/boot/spring-boot-autoconfigure/3.1.2/spring-boot-autoconfigure-3.1.2.jar:/home/dschiese/.m2/repository/org/springframework/boot/spring-boot-starter-logging/3.1.2/spring-boot-starter-logging-3.1.2.jar:/home/dschiese/.m2/repository/ch/qos/logback/logback-classic/1.4.8/logback-classic-1.4.8.jar:/home/dschiese/.m2/repository/ch/qos/logback/logback-core/1.4.8/logback-core-1.4.8.jar:/home/dschiese/.m2/repository/org/slf4j/jul-to-slf4j/2.0.7/jul-to-slf4j-2.0.7.jar:/home/dschiese/.m2/repository/jakarta/annotation/jakarta.annotation-api/2.1.1/jakarta.annotation-api-2.1.1.jar:/home/dschiese/.m2/repository/org/yaml/snakeyaml/1.33/snakeyaml-1.33.jar:/home/dschiese/.m2/repository/org/springframework/boot/spring-boot-starter-json/3.1.2/spring-boot-starter-json-3.1.2.jar:/home/dschiese/.m2/repository/com/fasterxml/jackson/datatype/jackson-datatype-jdk8/2.15.2/jackson-datatype-jdk8-2.15.2.jar:/home/dschiese/.m2/repository/org/springframework/boot/spring-boot-starter-tomcat/3.1.2/spring-boot-starter-tomcat-3.1.2.jar:/home/dschiese/.m2/repository/org/apache/tomcat/embed/tomcat-embed-core/10.1.11/tomcat-embed-core-10.1.11.jar:/home/dschiese/.m2/repository/org/apache/tomcat/embed/tomcat-embed-el/10.1.11/tomcat-embed-el-10.1.11.jar:/home/dschiese/.m2/repository/org/apache/tomcat/embed/tomcat-embed-websocket/10.1.11/tomcat-embed-websocket-10.1.11.jar:/home/dschiese/.m2/repository/org/springframework/spring-web/6.0.11/spring-web-6.0.11.jar:/home/dschiese/.m2/repository/io/micrometer/micrometer-observation/1.11.2/micrometer-observation-1.11.2.jar:/home/dschiese/.m2/repository/io/micrometer/micrometer-commons/1.11.2/micrometer-commons-1.11.2.jar:/home/dschiese/.m2/repository/org/springframework/spring-webmvc/6.0.11/spring-webmvc-6.0.11.jar:/home/dschiese/.m2/repository/org/springframework/spring-aop/6.0.11/spring-aop-6.0.11.jar:/home/dschiese/.m2/repository/org/springframework/spring-context/6.0.11/spring-context-6.0.11.jar:/home/dschiese/.m2/repository/org/springframework/spring-expression/6.0.11/spring-expression-6.0.11.jar:/home/dschiese/.m2/repository/org/springframework/boot/spring-boot-starter-webflux/3.1.2/spring-boot-starter-webflux-3.1.2.jar:/home/dschiese/.m2/repository/org/springframework/boot/spring-boot-starter-reactor-netty/3.1.2/spring-boot-starter-reactor-netty-3.1.2.jar:/home/dschiese/.m2/repository/io/projectreactor/netty/reactor-netty-http/1.1.9/reactor-netty-http-1.1.9.jar:/home/dschiese/.m2/repository/io/netty/netty-codec-http/4.1.94.Final/netty-codec-http-4.1.94.Final.jar:/home/dschiese/.m2/repository/io/netty/netty-common/4.1.94.Final/netty-common-4.1.94.Final.jar:/home/dschiese/.m2/repository/io/netty/netty-buffer/4.1.94.Final/netty-buffer-4.1.94.Final.jar:/home/dschiese/.m2/repository/io/netty/netty-transport/4.1.94.Final/netty-transport-4.1.94.Final.jar:/home/dschiese/.m2/repository/io/netty/netty-codec/4.1.94.Final/netty-codec-4.1.94.Final.jar:/home/dschiese/.m2/repository/io/netty/netty-handler/4.1.94.Final/netty-handler-4.1.94.Final.jar:/home/dschiese/.m2/repository/io/netty/netty-codec-http2/4.1.94.Final/netty-codec-http2-4.1.94.Final.jar:/home/dschiese/.m2/repository/io/netty/netty-resolver-dns/4.1.94.Final/netty-resolver-dns-4.1.94.Final.jar:/home/dschiese/.m2/repository/io/netty/netty-resolver/4.1.94.Final/netty-resolver-4.1.94.Final.jar:/home/dschiese/.m2/repository/io/netty/netty-codec-dns/4.1.94.Final/netty-codec-dns-4.1.94.Final.jar:/home/dschiese/.m2/repository/io/netty/netty-resolver-dns-native-macos/4.1.94.Final/netty-resolver-dns-native-macos-4.1.94.Final-osx-x86_64.jar:/home/dschiese/.m2/repository/io/netty/netty-resolver-dns-classes-macos/4.1.94.Final/netty-resolver-dns-classes-macos-4.1.94.Final.jar:/home/dschiese/.m2/repository/io/netty/netty-transport-native-epoll/4.1.94.Final/netty-transport-native-epoll-4.1.94.Final-linux-x86_64.jar:/home/dschiese/.m2/repository/io/netty/netty-transport-native-unix-common/4.1.94.Final/netty-transport-native-unix-common-4.1.94.Final.jar:/home/dschiese/.m2/repository/io/netty/netty-transport-classes-epoll/4.1.94.Final/netty-transport-classes-epoll-4.1.94.Final.jar:/home/dschiese/.m2/repository/io/projectreactor/netty/reactor-netty-core/1.1.9/reactor-netty-core-1.1.9.jar:/home/dschiese/.m2/repository/io/netty/netty-handler-proxy/4.1.94.Final/netty-handler-proxy-4.1.94.Final.jar:/home/dschiese/.m2/repository/io/netty/netty-codec-socks/4.1.94.Final/netty-codec-socks-4.1.94.Final.jar:/home/dschiese/.m2/repository/org/springdoc/springdoc-openapi-starter-webmvc-ui/2.1.0/springdoc-openapi-starter-webmvc-ui-2.1.0.jar:/home/dschiese/.m2/repository/org/springdoc/springdoc-openapi-starter-webmvc-api/2.1.0/springdoc-openapi-starter-webmvc-api-2.1.0.jar:/home/dschiese/.m2/repository/org/springdoc/springdoc-openapi-starter-common/2.1.0/springdoc-openapi-starter-common-2.1.0.jar:/home/dschiese/.m2/repository/io/swagger/core/v3/swagger-core-jakarta/2.2.9/swagger-core-jakarta-2.2.9.jar:/home/dschiese/.m2/repository/io/swagger/core/v3/swagger-annotations-jakarta/2.2.9/swagger-annotations-jakarta-2.2.9.jar:/home/dschiese/.m2/repository/io/swagger/core/v3/swagger-models-jakarta/2.2.9/swagger-models-jakarta-2.2.9.jar:/home/dschiese/.m2/repository/jakarta/validation/jakarta.validation-api/3.0.2/jakarta.validation-api-3.0.2.jar:/home/dschiese/.m2/repository/com/fasterxml/jackson/dataformat/jackson-dataformat-yaml/2.15.2/jackson-dataformat-yaml-2.15.2.jar:/home/dschiese/.m2/repository/org/webjars/swagger-ui/4.18.2/swagger-ui-4.18.2.jar:/home/dschiese/.m2/repository/eu/wdaqua/qanary/qa.commons/3.8.3/qa.commons-3.8.3.jar:/home/dschiese/.m2/repository/org/springframework/boot/spring-boot/3.1.2/spring-boot-3.1.2.jar:/home/dschiese/.m2/repository/org/springframework/boot/spring-boot-starter-thymeleaf/3.1.2/spring-boot-starter-thymeleaf-3.1.2.jar:/home/dschiese/.m2/repository/org/thymeleaf/thymeleaf-spring6/3.1.1.RELEASE/thymeleaf-spring6-3.1.1.RELEASE.jar:/home/dschiese/.m2/repository/org/thymeleaf/thymeleaf/3.1.1.RELEASE/thymeleaf-3.1.1.RELEASE.jar:/home/dschiese/.m2/repository/org/attoparser/attoparser/2.0.6.RELEASE/attoparser-2.0.6.RELEASE.jar:/home/dschiese/.m2/repository/org/unbescape/unbescape/1.1.6.RELEASE/unbescape-1.1.6.RELEASE.jar:/home/dschiese/.m2/repository/de/codecentric/spring-boot-admin-starter-client/2.7.10/spring-boot-admin-starter-client-2.7.10.jar:/home/dschiese/.m2/repository/de/codecentric/spring-boot-admin-client/2.7.10/spring-boot-admin-client-2.7.10.jar:/home/dschiese/.m2/repository/org/springframework/boot/spring-boot-starter-actuator/3.1.2/spring-boot-starter-actuator-3.1.2.jar:/home/dschiese/.m2/repository/org/springframework/boot/spring-boot-actuator-autoconfigure/3.1.2/spring-boot-actuator-autoconfigure-3.1.2.jar:/home/dschiese/.m2/repository/org/springframework/boot/spring-boot-actuator/3.1.2/spring-boot-actuator-3.1.2.jar:/home/dschiese/.m2/repository/io/micrometer/micrometer-core/1.11.2/micrometer-core-1.11.2.jar:/home/dschiese/.m2/repository/org/hdrhistogram/HdrHistogram/2.1.12/HdrHistogram-2.1.12.jar:/home/dschiese/.m2/repository/org/latencyutils/LatencyUtils/2.0.3/LatencyUtils-2.0.3.jar:/home/dschiese/.m2/repository/net/sf/json-lib/json-lib-ext-spring/1.0.2/json-lib-ext-spring-1.0.2.jar:/home/dschiese/.m2/repository/net/sf/json-lib/json-lib/2.2.2/json-lib-2.2.2-jdk15.jar:/home/dschiese/.m2/repository/commons-beanutils/commons-beanutils/1.7.0/commons-beanutils-1.7.0.jar:/home/dschiese/.m2/repository/commons-collections/commons-collections/3.2/commons-collections-3.2.jar:/home/dschiese/.m2/repository/commons-logging/commons-logging/1.1.1/commons-logging-1.1.1.jar:/home/dschiese/.m2/repository/net/sf/ezmorph/ezmorph/1.0.4/ezmorph-1.0.4.jar:/home/dschiese/.m2/repository/javax/servlet/servlet-api/2.4/servlet-api-2.4.jar:/home/dschiese/.m2/repository/log4j/log4j/1.2.14/log4j-1.2.14.jar:/home/dschiese/.m2/repository/org/json/json/20230227/json-20230227.jar:/home/dschiese/.m2/repository/com/google/guava/guava/32.1.2-jre/guava-32.1.2-jre.jar:/home/dschiese/.m2/repository/com/google/guava/failureaccess/1.0.1/failureaccess-1.0.1.jar:/home/dschiese/.m2/repository/com/google/guava/listenablefuture/9999.0-empty-to-avoid-conflict-with-guava/listenablefuture-9999.0-empty-to-avoid-conflict-with-guava.jar:/home/dschiese/.m2/repository/com/google/code/findbugs/jsr305/3.0.2/jsr305-3.0.2.jar:/home/dschiese/.m2/repository/org/checkerframework/checker-qual/3.33.0/checker-qual-3.33.0.jar:/home/dschiese/.m2/repository/com/google/errorprone/error_prone_annotations/2.18.0/error_prone_annotations-2.18.0.jar:/home/dschiese/.m2/repository/com/google/j2objc/j2objc-annotations/2.8/j2objc-annotations-2.8.jar:/home/dschiese/.m2/repository/junit/junit/4.13.2/junit-4.13.2.jar:/home/dschiese/.m2/repository/org/apache/jena/jena-rdfconnection/4.7.0/jena-rdfconnection-4.7.0.jar:/home/dschiese/.m2/repository/org/springframework/boot/spring-boot-starter-cache/3.1.2/spring-boot-starter-cache-3.1.2.jar:/home/dschiese/.m2/repository/org/springframework/spring-context-support/6.0.11/spring-context-support-6.0.11.jar:/home/dschiese/.m2/repository/com/github/ben-manes/caffeine/caffeine/3.1.6/caffeine-3.1.6.jar:/home/dschiese/.m2/repository/com/complexible/stardog/client-http/8.2.2/client-http-8.2.2.jar:/home/dschiese/.m2/repository/com/sun/activation/javax.activation/1.2.0/javax.activation-1.2.0.jar:/home/dschiese/.m2/repository/com/opencsv/opencsv/4.6/opencsv-4.6.jar:/home/dschiese/.m2/repository/org/apache/commons/commons-text/1.3/commons-text-1.3.jar:/home/dschiese/.m2/repository/org/apache/commons/commons-collections4/4.2/commons-collections4-4.2.jar:/home/dschiese/.m2/repository/org/apache/logging/log4j/log4j-iostreams/2.20.0/log4j-iostreams-2.20.0.jar:/home/dschiese/.m2/repository/com/complexible/stardog/protocols/http/stardog-protocols-http-client/8.2.2/stardog-protocols-http-client-8.2.2.jar:/home/dschiese/.m2/repository/org/apache/httpcomponents/httpmime/4.5.13/httpmime-4.5.13.jar:/home/dschiese/.m2/repository/com/complexible/stardog/core/stardog-core-shared/8.2.2/stardog-core-shared-8.2.2.jar:/home/dschiese/.m2/repository/org/quartz-scheduler/quartz/2.3.2/quartz-2.3.2.jar:/home/dschiese/.m2/repository/com/amazonaws/aws-java-sdk-s3/1.11.442/aws-java-sdk-s3-1.11.442.jar:/home/dschiese/.m2/repository/com/amazonaws/aws-java-sdk-kms/1.11.442/aws-java-sdk-kms-1.11.442.jar:/home/dschiese/.m2/repository/com/amazonaws/aws-java-sdk-core/1.11.442/aws-java-sdk-core-1.11.442.jar:/home/dschiese/.m2/repository/software/amazon/ion/ion-java/1.0.2/ion-java-1.0.2.jar:/home/dschiese/.m2/repository/com/fasterxml/jackson/dataformat/jackson-dataformat-cbor/2.15.2/jackson-dataformat-cbor-2.15.2.jar:/home/dschiese/.m2/repository/joda-time/joda-time/2.8.1/joda-time-2.8.1.jar:/home/dschiese/.m2/repository/com/amazonaws/jmespath-java/1.11.442/jmespath-java-1.11.442.jar:/home/dschiese/.m2/repository/com/google/cloud/google-cloud-storage/1.113.14-sp.4/google-cloud-storage-1.113.14-sp.4.jar:/home/dschiese/.m2/repository/org/checkerframework/checker-compat-qual/2.5.5/checker-compat-qual-2.5.5.jar:/home/dschiese/.m2/repository/com/google/http-client/google-http-client/1.39.0/google-http-client-1.39.0.jar:/home/dschiese/.m2/repository/io/opencensus/opencensus-contrib-http-util/0.28.0/opencensus-contrib-http-util-0.28.0.jar:/home/dschiese/.m2/repository/com/google/http-client/google-http-client-jackson2/1.39.0/google-http-client-jackson2-1.39.0.jar:/home/dschiese/.m2/repository/com/google/api-client/google-api-client/1.31.3/google-api-client-1.31.3.jar:/home/dschiese/.m2/repository/com/google/oauth-client/google-oauth-client/1.31.4/google-oauth-client-1.31.4.jar:/home/dschiese/.m2/repository/com/google/http-client/google-http-client-gson/1.39.0/google-http-client-gson-1.39.0.jar:/home/dschiese/.m2/repository/com/google/http-client/google-http-client-apache-v2/1.39.0/google-http-client-apache-v2-1.39.0.jar:/home/dschiese/.m2/repository/com/google/apis/google-api-services-storage/v1-rev20210127-1.31.0/google-api-services-storage-v1-rev20210127-1.31.0.jar:/home/dschiese/.m2/repository/com/google/cloud/google-cloud-core/1.94.3/google-cloud-core-1.94.3.jar:/home/dschiese/.m2/repository/com/google/auto/value/auto-value-annotations/1.7.4/auto-value-annotations-1.7.4.jar:/home/dschiese/.m2/repository/com/google/api/grpc/proto-google-common-protos/2.1.0/proto-google-common-protos-2.1.0.jar:/home/dschiese/.m2/repository/com/google/cloud/google-cloud-core-http/1.94.3/google-cloud-core-http-1.94.3.jar:/home/dschiese/.m2/repository/com/google/http-client/google-http-client-appengine/1.39.0/google-http-client-appengine-1.39.0.jar:/home/dschiese/.m2/repository/com/google/api/gax-httpjson/0.79.0/gax-httpjson-0.79.0.jar:/home/dschiese/.m2/repository/com/google/api/gax/1.62.0/gax-1.62.0.jar:/home/dschiese/.m2/repository/com/google/auth/google-auth-library-credentials/0.24.1/google-auth-library-credentials-0.24.1.jar:/home/dschiese/.m2/repository/com/google/auth/google-auth-library-oauth2-http/0.24.1/google-auth-library-oauth2-http-0.24.1.jar:/home/dschiese/.m2/repository/com/google/api/api-common/1.10.1/api-common-1.10.1.jar:/home/dschiese/.m2/repository/javax/annotation/javax.annotation-api/1.3.2/javax.annotation-api-1.3.2.jar:/home/dschiese/.m2/repository/io/opencensus/opencensus-api/0.28.0/opencensus-api-0.28.0.jar:/home/dschiese/.m2/repository/io/grpc/grpc-context/1.36.0/grpc-context-1.36.0.jar:/home/dschiese/.m2/repository/com/google/api/grpc/proto-google-iam-v1/1.0.10/proto-google-iam-v1-1.0.10.jar:/home/dschiese/.m2/repository/com/google/protobuf/protobuf-java-util/3.15.5/protobuf-java-util-3.15.5.jar:/home/dschiese/.m2/repository/org/threeten/threetenbp/1.5.0/threetenbp-1.5.0.jar:/home/dschiese/.m2/repository/com/azure/azure-storage-blob/12.19.1/azure-storage-blob-12.19.1.jar:/home/dschiese/.m2/repository/com/azure/azure-core/1.32.0/azure-core-1.32.0.jar:/home/dschiese/.m2/repository/com/fasterxml/jackson/dataformat/jackson-dataformat-xml/2.15.2/jackson-dataformat-xml-2.15.2.jar:/home/dschiese/.m2/repository/org/codehaus/woodstox/stax2-api/4.2.1/stax2-api-4.2.1.jar:/home/dschiese/.m2/repository/com/fasterxml/woodstox/woodstox-core/6.5.1/woodstox-core-6.5.1.jar:/home/dschiese/.m2/repository/com/azure/azure-core-http-netty/1.12.5/azure-core-http-netty-1.12.5.jar:/home/dschiese/.m2/repository/io/netty/netty-transport-native-kqueue/4.1.94.Final/netty-transport-native-kqueue-4.1.94.Final-osx-x86_64.jar:/home/dschiese/.m2/repository/io/netty/netty-transport-classes-kqueue/4.1.94.Final/netty-transport-classes-kqueue-4.1.94.Final.jar:/home/dschiese/.m2/repository/io/netty/netty-tcnative-boringssl-static/2.0.61.Final/netty-tcnative-boringssl-static-2.0.61.Final.jar:/home/dschiese/.m2/repository/io/netty/netty-tcnative-classes/2.0.61.Final/netty-tcnative-classes-2.0.61.Final.jar:/home/dschiese/.m2/repository/io/netty/netty-tcnative-boringssl-static/2.0.61.Final/netty-tcnative-boringssl-static-2.0.61.Final-linux-x86_64.jar:/home/dschiese/.m2/repository/io/netty/netty-tcnative-boringssl-static/2.0.61.Final/netty-tcnative-boringssl-static-2.0.61.Final-linux-aarch_64.jar:/home/dschiese/.m2/repository/io/netty/netty-tcnative-boringssl-static/2.0.61.Final/netty-tcnative-boringssl-static-2.0.61.Final-osx-x86_64.jar:/home/dschiese/.m2/repository/io/netty/netty-tcnative-boringssl-static/2.0.61.Final/netty-tcnative-boringssl-static-2.0.61.Final-osx-aarch_64.jar:/home/dschiese/.m2/repository/io/netty/netty-tcnative-boringssl-static/2.0.61.Final/netty-tcnative-boringssl-static-2.0.61.Final-windows-x86_64.jar:/home/dschiese/.m2/repository/com/azure/azure-storage-common/12.18.1/azure-storage-common-12.18.1.jar:/home/dschiese/.m2/repository/com/azure/azure-storage-internal-avro/12.4.2/azure-storage-internal-avro-12.4.2.jar:/home/dschiese/.m2/repository/com/complexible/stardog/memory/stardog-memory/8.2.2/stardog-memory-8.2.2.jar:/home/dschiese/.m2/repository/com/complexible/stardog/cluster/stardog-pack-replication-shared/8.2.2/stardog-pack-replication-shared-8.2.2.jar:/home/dschiese/.m2/repository/org/apache/zookeeper/zookeeper/3.7.1/zookeeper-3.7.1.jar:/home/dschiese/.m2/repository/org/apache/zookeeper/zookeeper-jute/3.7.1/zookeeper-jute-3.7.1.jar:/home/dschiese/.m2/repository/org/apache/yetus/audience-annotations/0.12.0/audience-annotations-0.12.0.jar:/home/dschiese/.m2/repository/io/netty/netty-transport-native-epoll/4.1.94.Final/netty-transport-native-epoll-4.1.94.Final.jar:/home/dschiese/.m2/repository/org/apache/curator/curator-framework/5.4.0/curator-framework-5.4.0.jar:/home/dschiese/.m2/repository/org/apache/curator/curator-client/5.4.0/curator-client-5.4.0.jar:/home/dschiese/.m2/repository/org/apache/curator/curator-recipes/5.4.0/curator-recipes-5.4.0.jar:/home/dschiese/.m2/repository/org/apache/logging/log4j/log4j-1.2-api/2.20.0/log4j-1.2-api-2.20.0.jar:/home/dschiese/.m2/repository/org/apache/logging/log4j/log4j-api/2.20.0/log4j-api-2.20.0.jar:/home/dschiese/.m2/repository/com/complexible/stardog/core/stardog/8.2.2/stardog-8.2.2.jar:/home/dschiese/.m2/repository/org/apache/logging/log4j/log4j-core/2.20.0/log4j-core-2.20.0.jar:/home/dschiese/.m2/repository/com/complexible/stardog/security/stardog-core-security/8.2.2/stardog-core-security-8.2.2.jar:/home/dschiese/.m2/repository/org/mindrot/jbcrypt/0.4/jbcrypt-0.4.jar:/home/dschiese/.m2/repository/com/auth0/java-jwt/3.11.0/java-jwt-3.11.0.jar:/home/dschiese/.m2/repository/com/auth0/jwks-rsa/0.14.0/jwks-rsa-0.14.0.jar:/home/dschiese/.m2/repository/com/complexible/stardog/graphql/stardog-graphql-shared/8.2.2/stardog-graphql-shared-8.2.2.jar:/home/dschiese/.m2/repository/com/graphql-java/graphql-java/20.2/graphql-java-20.2.jar:/home/dschiese/.m2/repository/com/graphql-java/java-dataloader/3.2.0/java-dataloader-3.2.0.jar:/home/dschiese/.m2/repository/com/complexible/common/protocols/api/stardog-protocols-api-server/8.2.2/stardog-protocols-api-server-8.2.2.jar:/home/dschiese/.m2/repository/com/complexible/license/license-core/3.0.10/license-core-3.0.10.jar:/home/dschiese/.m2/repository/de/schlichtherle/truelicense/truelicense-core/1.33/truelicense-core-1.33.jar:/home/dschiese/.m2/repository/de/schlichtherle/truelicense/truelicense-xml/1.33/truelicense-xml-1.33.jar:/home/dschiese/.m2/repository/commons-math/commons-math/1.2/commons-math-1.2.jar:/home/dschiese/.m2/repository/org/apache/lucene/lucene-core/7.4.0/lucene-core-7.4.0.jar:/home/dschiese/.m2/repository/io/dropwizard/metrics/metrics-core/4.2.19/metrics-core-4.2.19.jar:/home/dschiese/.m2/repository/io/dropwizard/metrics/metrics-jvm/4.2.19/metrics-jvm-4.2.19.jar:/home/dschiese/.m2/repository/com/upplication/s3fs/2.2.2/s3fs-2.2.2.jar:/home/dschiese/.m2/repository/org/ehcache/sizeof/0.3.0/sizeof-0.3.0.jar:/home/dschiese/.m2/repository/net/openhft/zero-allocation-hashing/0.8/zero-allocation-hashing-0.8.jar:/home/dschiese/.m2/repository/com/google/inject/extensions/guice-assistedinject/4.2.3/guice-assistedinject-4.2.3.jar:/home/dschiese/.m2/repository/com/google/inject/extensions/guice-throwingproviders/4.2.3/guice-throwingproviders-4.2.3.jar:/home/dschiese/.m2/repository/aopalliance/aopalliance/1.0/aopalliance-1.0.jar:/home/dschiese/.m2/repository/org/apache/shiro/shiro-core/1.10.0/shiro-core-1.10.0.jar:/home/dschiese/.m2/repository/org/apache/shiro/shiro-lang/1.10.0/shiro-lang-1.10.0.jar:/home/dschiese/.m2/repository/org/apache/shiro/shiro-cache/1.10.0/shiro-cache-1.10.0.jar:/home/dschiese/.m2/repository/org/apache/shiro/shiro-crypto-hash/1.10.0/shiro-crypto-hash-1.10.0.jar:/home/dschiese/.m2/repository/org/apache/shiro/shiro-crypto-core/1.10.0/shiro-crypto-core-1.10.0.jar:/home/dschiese/.m2/repository/org/apache/shiro/shiro-crypto-cipher/1.10.0/shiro-crypto-cipher-1.10.0.jar:/home/dschiese/.m2/repository/org/apache/shiro/shiro-config-core/1.10.0/shiro-config-core-1.10.0.jar:/home/dschiese/.m2/repository/org/apache/shiro/shiro-config-ogdl/1.10.0/shiro-config-ogdl-1.10.0.jar:/home/dschiese/.m2/repository/org/apache/shiro/shiro-event/1.10.0/shiro-event-1.10.0.jar:/home/dschiese/.m2/repository/com/complexible/stardog/protocols/http/stardog-protocols-http-shared/8.2.2/stardog-protocols-http-shared-8.2.2.jar:/home/dschiese/.m2/repository/io/swagger/core/v3/swagger-jaxrs2/2.2.2/swagger-jaxrs2-2.2.2.jar:/home/dschiese/.m2/repository/io/github/classgraph/classgraph/4.8.149/classgraph-4.8.149.jar:/home/dschiese/.m2/repository/org/javassist/javassist/3.25.0-GA/javassist-3.25.0-GA.jar:/home/dschiese/.m2/repository/io/swagger/core/v3/swagger-integration/2.2.2/swagger-integration-2.2.2.jar:/home/dschiese/.m2/repository/io/swagger/core/v3/swagger-core/2.2.2/swagger-core-2.2.2.jar:/home/dschiese/.m2/repository/io/swagger/core/v3/swagger-annotations/2.2.2/swagger-annotations-2.2.2.jar:/home/dschiese/.m2/repository/com/complexible/stardog/icv/stardog-icv-api/8.2.2/stardog-icv-api-8.2.2.jar:/home/dschiese/.m2/repository/com/complexible/stardog/icv/stardog-icv-shared/8.2.2/stardog-icv-shared-8.2.2.jar:/home/dschiese/.m2/repository/com/complexible/stardog/utils/stardog-utils-rdf/8.2.2/stardog-utils-rdf-8.2.2.jar:/home/dschiese/.m2/repository/com/stardog/stark/stardog-stark-model/8.2.2/stardog-stark-model-8.2.2.jar:/home/dschiese/.m2/repository/com/stardog/stark/io/stardog-stark-io-binary/8.2.2/stardog-stark-io-binary-8.2.2.jar:/home/dschiese/.m2/repository/com/stardog/stark/io/stardog-stark-io-api/8.2.2/stardog-stark-io-api-8.2.2.jar:/home/dschiese/.m2/repository/com/stardog/stark/io/stardog-stark-io-nquads/8.2.2/stardog-stark-io-nquads-8.2.2.jar:/home/dschiese/.m2/repository/com/stardog/stark/io/stardog-stark-io-ntriples/8.2.2/stardog-stark-io-ntriples-8.2.2.jar:/home/dschiese/.m2/repository/com/stardog/stark/io/stardog-stark-io-rdfjson/8.2.2/stardog-stark-io-rdfjson-8.2.2.jar:/home/dschiese/.m2/repository/com/stardog/stark/io/stardog-stark-io-rdfxml/8.2.2/stardog-stark-io-rdfxml-8.2.2.jar:/home/dschiese/.m2/repository/com/stardog/stark/io/stardog-stark-io-turtle/8.2.2/stardog-stark-io-turtle-8.2.2.jar:/home/dschiese/.m2/repository/com/stardog/stark/io/stardog-stark-io-trig/8.2.2/stardog-stark-io-trig-8.2.2.jar:/home/dschiese/.m2/repository/com/stardog/stark/io/stardog-stark-io-n3/8.2.2/stardog-stark-io-n3-8.2.2.jar:/home/dschiese/.m2/repository/com/stardog/stark/io/stardog-stark-io-jsonld/8.2.2/stardog-stark-io-jsonld-8.2.2.jar:/home/dschiese/.m2/repository/com/stardog/stark/query/io/stardog-stark-query-binary/8.2.2/stardog-stark-query-binary-8.2.2.jar:/home/dschiese/.m2/repository/com/stardog/stark/query/io/stardog-stark-query-io/8.2.2/stardog-stark-query-io-8.2.2.jar:/home/dschiese/.m2/repository/com/stardog/stark/query/stardog-stark-query-api/8.2.2/stardog-stark-query-api-8.2.2.jar:/home/dschiese/.m2/repository/com/stardog/stark/query/io/stardog-stark-query-json/8.2.2/stardog-stark-query-json-8.2.2.jar:/home/dschiese/.m2/repository/com/stardog/stark/query/io/stardog-stark-query-xml/8.2.2/stardog-stark-query-xml-8.2.2.jar:/home/dschiese/.m2/repository/com/stardog/stark/query/io/stardog-stark-query-text/8.2.2/stardog-stark-query-text-8.2.2.jar:/home/dschiese/.m2/repository/org/apache/httpcomponents/httpclient-osgi/4.5.13/httpclient-osgi-4.5.13.jar:/home/dschiese/.m2/repository/org/apache/httpcomponents/fluent-hc/4.5.13/fluent-hc-4.5.13.jar:/home/dschiese/.m2/repository/xerces/xercesImpl/2.12.1/xercesImpl-2.12.1.jar:/home/dschiese/.m2/repository/xml-apis/xml-apis/1.4.01/xml-apis-1.4.01.jar:/home/dschiese/.m2/repository/com/brsanthu/data-exporter/1.0.4/data-exporter-1.0.4.jar:/home/dschiese/.m2/repository/com/carrotsearch/hppc/0.7.1/hppc-0.7.1.jar:/home/dschiese/.m2/repository/com/complexible/stardog/virtual/stardog-virtual-api/8.2.2/stardog-virtual-api-8.2.2.jar:/home/dschiese/.m2/repository/com/complexible/stardog/icv/http/stardog-icv-protocols-http-client/8.2.2/stardog-icv-protocols-http-client-8.2.2.jar:/home/dschiese/.m2/repository/javax/mail/mailapi/1.4.3/mailapi-1.4.3.jar:/home/dschiese/.m2/repository/com/complexible/stardog/icv/stardog-icv-api_snarl/8.2.2/stardog-icv-api_snarl-8.2.2.jar:/home/dschiese/.m2/repository/com/complexible/stardog/cache/stardog-cache-api/8.2.2/stardog-cache-api-8.2.2.jar:/home/dschiese/.m2/repository/com/complexible/stardog/reasoning/http/stardog-reasoning-protocols-http-client/8.2.2/stardog-reasoning-protocols-http-client-8.2.2.jar:/home/dschiese/.m2/repository/com/complexible/stardog/reasoning/stardog-reasoning-api/8.2.2/stardog-reasoning-api-8.2.2.jar:/home/dschiese/.m2/repository/com/complexible/stardog/reasoning/stardog-reasoning-shared/8.2.2/stardog-reasoning-shared-8.2.2.jar:/home/dschiese/.m2/repository/com/complexible/stardog/search/http/stardog-search-protocols-http-client/8.2.2/stardog-search-protocols-http-client-8.2.2.jar:/home/dschiese/.m2/repository/com/complexible/stardog/search/stardog-search-api/8.2.2/stardog-search-api-8.2.2.jar:/home/dschiese/.m2/repository/com/complexible/stardog/bites/http/stardog-bites-protocols-http-client/8.2.2/stardog-bites-protocols-http-client-8.2.2.jar:/home/dschiese/.m2/repository/com/complexible/stardog/utils/stardog-utils-common/8.2.2/stardog-utils-common-8.2.2.jar:/home/dschiese/.m2/repository/com/google/inject/guice/4.2.3/guice-4.2.3.jar:/home/dschiese/.m2/repository/javax/inject/javax.inject/1/javax.inject-1.jar:/home/dschiese/.m2/repository/com/google/inject/extensions/guice-multibindings/4.2.3/guice-multibindings-4.2.3.jar:/home/dschiese/.m2/repository/com/complexible/stardog/bites/stardog-bites-shared/8.2.2/stardog-bites-shared-8.2.2.jar:/home/dschiese/.m2/repository/com/complexible/stardog/bites/stardog-bites-api/8.2.2/stardog-bites-api-8.2.2.jar:/home/dschiese/.m2/repository/com/complexible/stardog/bites/http/stardog-bites-protocols-http-shared/8.2.2/stardog-bites-protocols-http-shared-8.2.2.jar:/home/dschiese/.m2/repository/com/complexible/stardog/virtual/http/stardog-virtual-protocols-http-client/8.2.2/stardog-virtual-protocols-http-client-8.2.2.jar:/home/dschiese/.m2/repository/com/complexible/stardog/virtual/http/stardog-virtual-protocols-http-shared/8.2.2/stardog-virtual-protocols-http-shared-8.2.2.jar:/home/dschiese/.m2/repository/com/complexible/stardog/graphql/http/stardog-graphql-protocols-http-client/8.2.2/stardog-graphql-protocols-http-client-8.2.2.jar:/home/dschiese/.m2/repository/com/complexible/stardog/graphql/http/stardog-graphql-protocols-http-shared/8.2.2/stardog-graphql-protocols-http-shared-8.2.2.jar:/home/dschiese/.m2/repository/com/complexible/stardog/graphql/stardog-graphql-api/8.2.2/stardog-graphql-api-8.2.2.jar:/home/dschiese/.m2/repository/com/complexible/stardog/jena/stardog-jena/8.2.2/stardog-jena-8.2.2.jar:/home/dschiese/.m2/repository/com/complexible/stardog/stardog-api/8.2.2/stardog-api-8.2.2.jar:/home/dschiese/.m2/repository/commons-pool/commons-pool/1.6/commons-pool-1.6.jar:/home/dschiese/.m2/repository/com/openlinksw/virt_jena_v3_10/1.42/virt_jena_v3_10-1.42.jar:/home/dschiese/.m2/repository/com/openlinksw/virtjdbc4_3/3.122/virtjdbc4_3-3.122.jar:/home/dschiese/.m2/repository/org/apache/logging/log4j/log4j-to-slf4j/2.20.0/log4j-to-slf4j-2.20.0.jar:/home/dschiese/.m2/repository/com/google/code/gson/gson/2.10.1/gson-2.10.1.jar:/home/dschiese/.m2/repository/org/glassfish/jaxb/jaxb-runtime/4.0.3/jaxb-runtime-4.0.3.jar:/home/dschiese/.m2/repository/org/glassfish/jaxb/jaxb-core/4.0.3/jaxb-core-4.0.3.jar:/home/dschiese/.m2/repository/org/eclipse/angus/angus-activation/2.0.1/angus-activation-2.0.1.jar:/home/dschiese/.m2/repository/org/glassfish/jaxb/txw2/4.0.3/txw2-4.0.3.jar:/home/dschiese/.m2/repository/com/sun/istack/istack-commons-runtime/4.1.2/istack-commons-runtime-4.1.2.jar:/home/dschiese/.m2/repository/jakarta/xml/bind/jakarta.xml.bind-api/4.0.0/jakarta.xml.bind-api-4.0.0.jar:/home/dschiese/.m2/repository/jakarta/activation/jakarta.activation-api/2.1.2/jakarta.activation-api-2.1.2.jar:/home/dschiese/.m2/repository/javax/xml/bind/jaxb-api/2.3.1/jaxb-api-2.3.1.jar:/home/dschiese/.m2/repository/javax/activation/javax.activation-api/1.2.0/javax.activation-api-1.2.0.jar:/home/dschiese/.m2/repository/org/springframework/boot/spring-boot-starter-test/3.1.2/spring-boot-starter-test-3.1.2.jar:/home/dschiese/.m2/repository/org/springframework/boot/spring-boot-test/3.1.2/spring-boot-test-3.1.2.jar:/home/dschiese/.m2/repository/org/springframework/boot/spring-boot-test-autoconfigure/3.1.2/spring-boot-test-autoconfigure-3.1.2.jar:/home/dschiese/.m2/repository/com/jayway/jsonpath/json-path/2.8.0/json-path-2.8.0.jar:/home/dschiese/.m2/repository/net/minidev/json-smart/2.4.11/json-smart-2.4.11.jar:/home/dschiese/.m2/repository/net/minidev/accessors-smart/2.4.11/accessors-smart-2.4.11.jar:/home/dschiese/.m2/repository/org/ow2/asm/asm/9.3/asm-9.3.jar:/home/dschiese/.m2/repository/org/assertj/assertj-core/3.24.2/assertj-core-3.24.2.jar:/home/dschiese/.m2/repository/org/hamcrest/hamcrest/2.2/hamcrest-2.2.jar:/home/dschiese/.m2/repository/org/junit/jupiter/junit-jupiter/5.9.3/junit-jupiter-5.9.3.jar:/home/dschiese/.m2/repository/org/junit/jupiter/junit-jupiter-params/5.9.3/junit-jupiter-params-5.9.3.jar:/home/dschiese/.m2/repository/org/mockito/mockito-junit-jupiter/5.3.1/mockito-junit-jupiter-5.3.1.jar:/home/dschiese/.m2/repository/org/skyscreamer/jsonassert/1.5.1/jsonassert-1.5.1.jar:/home/dschiese/.m2/repository/com/vaadin/external/google/android-json/0.0.20131108.vaadin1/android-json-0.0.20131108.vaadin1.jar:/home/dschiese/.m2/repository/org/springframework/spring-core/6.0.11/spring-core-6.0.11.jar:/home/dschiese/.m2/repository/org/springframework/spring-jcl/6.0.11/spring-jcl-6.0.11.jar:/home/dschiese/.m2/repository/org/springframework/spring-test/6.0.11/spring-test-6.0.11.jar:/home/dschiese/.m2/repository/org/xmlunit/xmlunit-core/2.9.1/xmlunit-core-2.9.1.jar:/home/dschiese/.m2/repository/com/h2database/h2/2.1.214/h2-2.1.214.jar:/home/dschiese/.m2/repository/org/junit/jupiter/junit-jupiter-engine/5.9.3/junit-jupiter-engine-5.9.3.jar:/home/dschiese/.m2/repository/org/junit/platform/junit-platform-engine/1.9.3/junit-platform-engine-1.9.3.jar:/home/dschiese/.m2/repository/org/apiguardian/apiguardian-api/1.1.2/apiguardian-api-1.1.2.jar:/home/dschiese/.m2/repository/org/junit/jupiter/junit-jupiter-api/5.9.3/junit-jupiter-api-5.9.3.jar:/home/dschiese/.m2/repository/org/opentest4j/opentest4j/1.2.0/opentest4j-1.2.0.jar:/home/dschiese/.m2/repository/org/junit/platform/junit-platform-commons/1.9.3/junit-platform-commons-1.9.3.jar:/home/dschiese/.m2/repository/org/hamcrest/hamcrest-library/2.2/hamcrest-library-2.2.jar:/home/dschiese/.m2/repository/org/hamcrest/hamcrest-core/2.2/hamcrest-core-2.2.jar:/home/dschiese/.m2/repository/org/apache/commons/commons-lang3/3.12.0/commons-lang3-3.12.0.jar:/home/dschiese/.m2/repository/org/apache/jena/jena-rdfpatch/4.8.0/jena-rdfpatch-4.8.0.jar:/home/dschiese/.m2/repository/org/apache/jena/jena-shacl/4.8.0/jena-shacl-4.8.0.jar:/home/dschiese/.m2/repository/org/apache/jena/jena-shex/4.8.0/jena-shex-4.8.0.jar:/home/dschiese/.m2/repository/org/apache/jena/jena-tdb/4.8.0/jena-tdb-4.8.0.jar:/home/dschiese/.m2/repository/org/apache/jena/jena-tdb2/4.8.0/jena-tdb2-4.8.0.jar:/home/dschiese/.m2/repository/org/apache/jena/jena-dboe-storage/4.8.0/jena-dboe-storage-4.8.0.jar:/home/dschiese/.m2/repository/org/apache/jena/jena-dboe-trans-data/4.8.0/jena-dboe-trans-data-4.8.0.jar:/home/dschiese/.m2/repository/org/apache/jena/jena-dboe-transaction/4.8.0/jena-dboe-transaction-4.8.0.jar:/home/dschiese/.m2/repository/org/apache/jena/jena-dboe-base/4.8.0/jena-dboe-base-4.8.0.jar:/home/dschiese/.m2/repository/org/apache/jena/jena-dboe-index/4.8.0/jena-dboe-index-4.8.0.jar:/home/dschiese/.m2/repository/com/fasterxml/jackson/datatype/jackson-datatype-jsr310/2.12.6/jackson-datatype-jsr310-2.12.6.jar:/home/dschiese/.m2/repository/com/fasterxml/jackson/core/jackson-annotations/2.15.2/jackson-annotations-2.15.2.jar:/home/dschiese/.m2/repository/com/fasterxml/jackson/core/jackson-core/2.15.2/jackson-core-2.15.2.jar:/home/dschiese/.m2/repository/org/springframework/spring-webflux/6.0.11/spring-webflux-6.0.11.jar:/home/dschiese/.m2/repository/org/springframework/spring-beans/6.0.11/spring-beans-6.0.11.jar:/home/dschiese/.m2/repository/io/projectreactor/reactor-core/3.5.8/reactor-core-3.5.8.jar:/home/dschiese/.m2/repository/org/reactivestreams/reactive-streams/1.0.4/reactive-streams-1.0.4.jar:/home/dschiese/.m2/repository/org/apache/jena/jena-arq/4.8.0/jena-arq-4.8.0.jar:/home/dschiese/.m2/repository/org/apache/jena/jena-core/4.8.0/jena-core-4.8.0.jar:/home/dschiese/.m2/repository/org/apache/jena/jena-base/4.8.0/jena-base-4.8.0.jar:/home/dschiese/.m2/repository/org/apache/jena/jena-shaded-guava/4.8.0/jena-shaded-guava-4.8.0.jar:/home/dschiese/.m2/repository/org/apache/commons/commons-csv/1.10.0/commons-csv-1.10.0.jar:/home/dschiese/.m2/repository/commons-codec/commons-codec/1.15/commons-codec-1.15.jar:/home/dschiese/.m2/repository/com/github/andrewoma/dexx/collection/0.7/collection-0.7.jar:/home/dschiese/.m2/repository/org/apache/jena/jena-iri/4.8.0/jena-iri-4.8.0.jar:/home/dschiese/.m2/repository/commons-cli/commons-cli/1.5.0/commons-cli-1.5.0.jar:/home/dschiese/.m2/repository/com/github/jsonld-java/jsonld-java/0.13.4/jsonld-java-0.13.4.jar:/home/dschiese/.m2/repository/org/apache/httpcomponents/httpclient-cache/4.5.14/httpclient-cache-4.5.14.jar:/home/dschiese/.m2/repository/org/apache/httpcomponents/httpclient/4.5.14/httpclient-4.5.14.jar:/home/dschiese/.m2/repository/org/slf4j/jcl-over-slf4j/2.0.7/jcl-over-slf4j-2.0.7.jar:/home/dschiese/.m2/repository/com/apicatalog/titanium-json-ld/1.3.2/titanium-json-ld-1.3.2.jar:/home/dschiese/.m2/repository/org/glassfish/jakarta.json/2.0.1/jakarta.json-2.0.1.jar:/home/dschiese/.m2/repository/com/google/protobuf/protobuf-java/3.22.2/protobuf-java-3.22.2.jar:/home/dschiese/.m2/repository/org/apache/thrift/libthrift/0.18.1/libthrift-0.18.1.jar:/home/dschiese/.m2/repository/org/apache/maven/surefire/surefire-junit-platform/3.0.0/surefire-junit-platform-3.0.0.jar:/home/dschiese/.m2/repository/org/apache/maven/surefire/common-java5/3.0.0/common-java5-3.0.0.jar:/home/dschiese/.m2/repository/org/apache/maven/surefire/surefire-shared-utils/3.0.0/surefire-shared-utils-3.0.0.jar:/home/dschiese/.m2/repository/org/junit/platform/junit-platform-launcher/1.9.3/junit-platform-launcher-1.9.3.jar:/home/dschiese/.m2/repository/org/apache/maven/surefire/surefire-api/3.0.0/surefire-api-3.0.0.jar:/home/dschiese/.m2/repository/org/apache/maven/surefire/surefire-logger-api/3.0.0/surefire-logger-api-3.0.0.jar:/home/dschiese/.m2/repository/org/mockito/mockito-core/5.3.1/mockito-core-5.3.1.jar:/home/dschiese/.m2/repository/net/bytebuddy/byte-buddy/1.14.5/byte-buddy-1.14.5.jar:/home/dschiese/.m2/repository/net/bytebuddy/byte-buddy-agent/1.14.5/byte-buddy-agent-1.14.5.jar:/home/dschiese/.m2/repository/org/objenesis/objenesis/3.3/objenesis-3.3.jar:/home/dschiese/.m2/repository/com/fasterxml/jackson/core/jackson-databind/2.15.2/jackson-databind-2.15.2.jar:/home/dschiese/.m2/repository/com/spotify/docker-client/8.16.0/docker-client-8.16.0.jar:/home/dschiese/.m2/repository/org/slf4j/slf4j-api/2.0.7/slf4j-api-2.0.7.jar:/home/dschiese/.m2/repository/com/fasterxml/jackson/jaxrs/jackson-jaxrs-json-provider/2.15.2/jackson-jaxrs-json-provider-2.15.2.jar:/home/dschiese/.m2/repository/com/fasterxml/jackson/jaxrs/jackson-jaxrs-base/2.15.2/jackson-jaxrs-base-2.15.2.jar:/home/dschiese/.m2/repository/com/fasterxml/jackson/module/jackson-module-jaxb-annotations/2.15.2/jackson-module-jaxb-annotations-2.15.2.jar:/home/dschiese/.m2/repository/com/fasterxml/jackson/datatype/jackson-datatype-guava/2.15.2/jackson-datatype-guava-2.15.2.jar:/home/dschiese/.m2/repository/org/glassfish/jersey/core/jersey-client/3.1.2/jersey-client-3.1.2.jar:/home/dschiese/.m2/repository/jakarta/ws/rs/jakarta.ws.rs-api/3.1.0/jakarta.ws.rs-api-3.1.0.jar:/home/dschiese/.m2/repository/org/glassfish/jersey/core/jersey-common/3.1.2/jersey-common-3.1.2.jar:/home/dschiese/.m2/repository/org/glassfish/hk2/osgi-resource-locator/1.0.3/osgi-resource-locator-1.0.3.jar:/home/dschiese/.m2/repository/jakarta/inject/jakarta.inject-api/2.0.1/jakarta.inject-api-2.0.1.jar:/home/dschiese/.m2/repository/org/glassfish/jersey/connectors/jersey-apache-connector/3.1.2/jersey-apache-connector-3.1.2.jar:/home/dschiese/.m2/repository/org/glassfish/jersey/media/jersey-media-json-jackson/3.1.2/jersey-media-json-jackson-3.1.2.jar:/home/dschiese/.m2/repository/org/glassfish/jersey/ext/jersey-entity-filtering/3.1.2/jersey-entity-filtering-3.1.2.jar:/home/dschiese/.m2/repository/com/fasterxml/jackson/module/jackson-module-jakarta-xmlbind-annotations/2.15.2/jackson-module-jakarta-xmlbind-annotations-2.15.2.jar:/home/dschiese/.m2/repository/javax/activation/activation/1.1/activation-1.1.jar:/home/dschiese/.m2/repository/org/apache/commons/commons-compress/1.18/commons-compress-1.18.jar:/home/dschiese/.m2/repository/commons-io/commons-io/2.5/commons-io-2.5.jar:/home/dschiese/.m2/repository/org/apache/httpcomponents/httpcore/4.4.16/httpcore-4.4.16.jar:/home/dschiese/.m2/repository/com/github/jnr/jnr-unixsocket/0.18/jnr-unixsocket-0.18.jar:/home/dschiese/.m2/repository/com/github/jnr/jnr-ffi/2.1.4/jnr-ffi-2.1.4.jar:/home/dschiese/.m2/repository/com/github/jnr/jffi/1.2.15/jffi-1.2.15.jar:/home/dschiese/.m2/repository/com/github/jnr/jffi/1.2.15/jffi-1.2.15-native.jar:/home/dschiese/.m2/repository/org/ow2/asm/asm-commons/5.0.3/asm-commons-5.0.3.jar:/home/dschiese/.m2/repository/org/ow2/asm/asm-analysis/5.0.3/asm-analysis-5.0.3.jar:/home/dschiese/.m2/repository/org/ow2/asm/asm-tree/5.0.3/asm-tree-5.0.3.jar:/home/dschiese/.m2/repository/org/ow2/asm/asm-util/5.0.3/asm-util-5.0.3.jar:/home/dschiese/.m2/repository/com/github/jnr/jnr-x86asm/1.0.2/jnr-x86asm-1.0.2.jar:/home/dschiese/.m2/repository/com/github/jnr/jnr-constants/0.9.8/jnr-constants-0.9.8.jar:/home/dschiese/.m2/repository/com/github/jnr/jnr-enxio/0.16/jnr-enxio-0.16.jar:/home/dschiese/.m2/repository/com/github/jnr/jnr-posix/3.0.35/jnr-posix-3.0.35.jar:/home/dschiese/.m2/repository/commons-lang/commons-lang/2.6/commons-lang-2.6.jar:/home/dschiese/.m2/repository/org/bouncycastle/bcpkix-jdk15on/1.60/bcpkix-jdk15on-1.60.jar:/home/dschiese/.m2/repository/org/bouncycastle/bcprov-jdk15on/1.60/bcprov-jdk15on-1.60.jar:/home/dschiese/.m2/repository/io/swagger/core/v3/swagger-models/2.2.9/swagger-models-2.2.9.jar:/home/dschiese/.m2/repository/org/springframework/boot/spring-boot-buildpack-platform/3.1.2/spring-boot-buildpack-platform-3.1.2.jar:/home/dschiese/.m2/repository/com/fasterxml/jackson/module/jackson-module-parameter-names/2.15.2/jackson-module-parameter-names-2.15.2.jar:/home/dschiese/.m2/repository/net/java/dev/jna/jna-platform/5.7.0/jna-platform-5.7.0.jar:/home/dschiese/.m2/repository/net/java/dev/jna/jna/5.7.0/jna-5.7.0.jar:/home/dschiese/.m2/repository/org/apache/httpcomponents/client5/httpclient5/5.2.1/httpclient5-5.2.1.jar:/home/dschiese/.m2/repository/org/apache/httpcomponents/core5/httpcore5/5.2.2/httpcore5-5.2.2.jar:/home/dschiese/.m2/repository/org/apache/httpcomponents/core5/httpcore5-h2/5.2.2/httpcore5-h2-5.2.2.jar:/home/dschiese/.m2/repository/org/tomlj/tomlj/1.0.0/tomlj-1.0.0.jar:/home/dschiese/.m2/repository/org/antlr/antlr4-runtime/4.7.2/antlr4-runtime-4.7.2.jar:"/>
    <property name="sun.cpu.endian" value="little"/>
    <property name="user.home" value="/home/dschiese"/>
    <property name="user.language" value="en"/>
    <property name="java.specification.vendor" value="Oracle Corporation"/>
    <property name="java.version.date" value="2023-07-18"/>
    <property name="java.home" value="/usr/lib/jvm/java-17-openjdk-17.0.8.0.7-1.fc38.x86_64"/>
    <property name="file.separator" value="/"/>
    <property name="basedir" value="/home/dschiese/wseresearch/qanary-explanation-service"/>
    <property name="java.vm.compressedOopsMode" value="Zero based"/>
    <property name="line.separator" value="&#10;"/>
    <property name="java.specification.name" value="Java Platform API Specification"/>
    <property name="java.vm.specification.vendor" value="Oracle Corporation"/>
    <property name="FILE_LOG_CHARSET" value="UTF-8"/>
    <property name="java.awt.headless" value="true"/>
    <property name="surefire.real.class.path" value="/home/dschiese/wseresearch/qanary-explanation-service/target/surefire/surefirebooter-20230921084538893_3.jar"/>
    <property name="sun.management.compiler" value="HotSpot 64-Bit Tiered Compilers"/>
    <property name="java.runtime.version" value="17.0.8+7"/>
    <property name="user.name" value="dschiese"/>
    <property name="path.separator" value=":"/>
    <property name="os.version" value="6.4.15-200.fc38.x86_64"/>
    <property name="java.runtime.name" value="OpenJDK Runtime Environment"/>
    <property name="file.encoding" value="UTF-8"/>
    <property name="java.vm.name" value="OpenJDK 64-Bit Server VM"/>
    <property name="java.vendor.version" value="(Red_Hat-17.0.8.0.7-1.fc38)"/>
    <property name="localRepository" value="/home/dschiese/.m2/repository"/>
    <property name="java.vendor.url.bug" value="https://bugzilla.redhat.com/enter_bug.cgi?product=Fedora&amp;component=java-17-openjdk-portable&amp;version=38"/>
    <property name="java.io.tmpdir" value="/tmp"/>
    <property name="java.version" value="17.0.8"/>
    <property name="user.dir" value="/home/dschiese/wseresearch/qanary-explanation-service"/>
    <property name="os.arch" value="amd64"/>
    <property name="java.vm.specification.name" value="Java Virtual Machine Specification"/>
    <property name="PID" value="12674"/>
    <property name="CONSOLE_LOG_CHARSET" value="UTF-8"/>
    <property name="native.encoding" value="UTF-8"/>
    <property name="java.library.path" value="/usr/java/packages/lib:/usr/lib64:/lib64:/lib:/usr/lib"/>
    <property name="java.vm.info" value="mixed mode, sharing"/>
    <property name="java.vendor" value="Red Hat, Inc."/>
    <property name="java.vm.version" value="17.0.8+7"/>
    <property name="sun.io.unicode.encoding" value="UnicodeLittle"/>
    <property name="java.class.version" value="61.0"/>
  </properties>
  <testcase name="notFoundWhenNoPathVariables" classname="com.wse.qanaryexplanationservice.controller.ExplanationControllerTest$QueryBuilderTests$QaSystemExplanationTest" time="0.017">
    <system-out><![CDATA[2023-09-21T08:45:42.997+02:00  INFO 12674 --- [           main] t.c.s.AnnotationConfigContextLoaderUtils : Could not detect default configuration classes for test class [com.wse.qanaryexplanationservice.controller.ExplanationControllerTest]: ExplanationControllerTest does not declare any static, non-private, non-final, nested classes annotated with @Configuration.
2023-09-21T08:45:43.001+02:00  INFO 12674 --- [           main] .b.t.c.SpringBootTestContextBootstrapper : Found @SpringBootConfiguration com.wse.qanaryexplanationservice.QanaryExplanationServiceApplication for test class com.wse.qanaryexplanationservice.controller.ExplanationControllerTest
2023-09-21T08:45:43.007+02:00  INFO 12674 --- [           main] t.c.s.AnnotationConfigContextLoaderUtils : Could not detect default configuration classes for test class [com.wse.qanaryexplanationservice.controller.ExplanationControllerTest$QueryBuilderTests]: QueryBuilderTests does not declare any static, non-private, non-final, nested classes annotated with @Configuration.
2023-09-21T08:45:43.011+02:00  INFO 12674 --- [           main] .b.t.c.SpringBootTestContextBootstrapper : Found @SpringBootConfiguration com.wse.qanaryexplanationservice.QanaryExplanationServiceApplication for test class com.wse.qanaryexplanationservice.controller.ExplanationControllerTest$QueryBuilderTests
2023-09-21T08:45:43.015+02:00  INFO 12674 --- [           main] t.c.s.AnnotationConfigContextLoaderUtils : Could not detect default configuration classes for test class [com.wse.qanaryexplanationservice.controller.ExplanationControllerTest$QueryBuilderTests$QaSystemExplanationTest]: QaSystemExplanationTest does not declare any static, non-private, non-final, nested classes annotated with @Configuration.
2023-09-21T08:45:43.018+02:00  INFO 12674 --- [           main] .b.t.c.SpringBootTestContextBootstrapper : Found @SpringBootConfiguration com.wse.qanaryexplanationservice.QanaryExplanationServiceApplication for test class com.wse.qanaryexplanationservice.controller.ExplanationControllerTest$QueryBuilderTests$QaSystemExplanationTest

  .   ____          _            __ _ _
 /\\ / ___'_ __ _ _(_)_ __  __ _ \ \ \ \
( ( )\___ | '_ | '_| | '_ \/ _` | \ \ \ \
 \\/  ___)| |_)| | | | | || (_| |  ) ) ) )
  '  |____| .__|_| |_|_| |_\__, | / / / /
 =========|_|==============|___/=/_/_/_/
 :: Spring Boot ::                (v3.1.2)

2023-09-21T08:45:43.041+02:00  WARN 12674 --- [           main] ory$DuplicateJsonObjectContextCustomizer : 

Found multiple occurrences of org.json.JSONObject on the class path:

	jar:file:/home/dschiese/.m2/repository/org/json/json/20230227/json-20230227.jar!/org/json/JSONObject.class
	jar:file:/home/dschiese/.m2/repository/com/vaadin/external/google/android-json/0.0.20131108.vaadin1/android-json-0.0.20131108.vaadin1.jar!/org/json/JSONObject.class

You may wish to exclude one of them to ensure predictable runtime behavior

2023-09-21T08:45:43.042+02:00  INFO 12674 --- [           main] c.w.q.c.ExplanationControllerTest        : Starting ExplanationControllerTest using Java 17.0.8 with PID 12674 (started by dschiese in /home/dschiese/wseresearch/qanary-explanation-service)
2023-09-21T08:45:43.043+02:00  INFO 12674 --- [           main] c.w.q.c.ExplanationControllerTest        : No active profile set, falling back to 1 default profile: "default"
2023-09-21T08:45:43.386+02:00  WARN 12674 --- [           main] ion$DefaultTemplateResolverConfiguration : Cannot find template location: classpath:/templates/ (please add some templates, check your Thymeleaf configuration, or set spring.thymeleaf.check-template-location=false)
2023-09-21T08:45:43.461+02:00  INFO 12674 --- [           main] o.s.b.t.m.w.SpringBootMockServletContext : Initializing Spring TestDispatcherServlet ''
2023-09-21T08:45:43.461+02:00  INFO 12674 --- [           main] o.s.t.web.servlet.TestDispatcherServlet  : Initializing Servlet ''
2023-09-21T08:45:43.463+02:00  INFO 12674 --- [           main] o.s.b.a.e.web.EndpointLinksResolver      : Exposing 1 endpoint(s) beneath base path '/actuator'
2023-09-21T08:45:43.465+02:00  INFO 12674 --- [           main] o.s.t.web.servlet.TestDispatcherServlet  : Completed initialization in 4 ms
2023-09-21T08:45:43.484+02:00  INFO 12674 --- [           main] c.w.q.c.ExplanationControllerTest        : Started ExplanationControllerTest in 0.463 seconds (process running for 4.524)

  .   ____          _            __ _ _
 /\\ / ___'_ __ _ _(_)_ __  __ _ \ \ \ \
( ( )\___ | '_ | '_| | '_ \/ _` | \ \ \ \
 \\/  ___)| |_)| | | | | || (_| |  ) ) ) )
  '  |____| .__|_| |_|_| |_\__, | / / / /
 =========|_|==============|___/=/_/_/_/
 :: Spring Boot ::                (v3.1.2)

2023-09-21T08:45:43.585+02:00  WARN 12674 --- [           main] ory$DuplicateJsonObjectContextCustomizer : 

Found multiple occurrences of org.json.JSONObject on the class path:

	jar:file:/home/dschiese/.m2/repository/org/json/json/20230227/json-20230227.jar!/org/json/JSONObject.class
	jar:file:/home/dschiese/.m2/repository/com/vaadin/external/google/android-json/0.0.20131108.vaadin1/android-json-0.0.20131108.vaadin1.jar!/org/json/JSONObject.class

You may wish to exclude one of them to ensure predictable runtime behavior

2023-09-21T08:45:43.587+02:00  INFO 12674 --- [           main] ueryBuilderTests$QaSystemExplanationTest : Starting ExplanationControllerTest.QueryBuilderTests.QaSystemExplanationTest using Java 17.0.8 with PID 12674 (started by dschiese in /home/dschiese/wseresearch/qanary-explanation-service)
2023-09-21T08:45:43.587+02:00  INFO 12674 --- [           main] ueryBuilderTests$QaSystemExplanationTest : No active profile set, falling back to 1 default profile: "default"
2023-09-21T08:45:43.814+02:00  WARN 12674 --- [           main] ion$DefaultTemplateResolverConfiguration : Cannot find template location: classpath:/templates/ (please add some templates, check your Thymeleaf configuration, or set spring.thymeleaf.check-template-location=false)
2023-09-21T08:45:43.855+02:00  INFO 12674 --- [           main] o.s.b.t.m.w.SpringBootMockServletContext : Initializing Spring TestDispatcherServlet ''
2023-09-21T08:45:43.856+02:00  INFO 12674 --- [           main] o.s.t.web.servlet.TestDispatcherServlet  : Initializing Servlet ''
2023-09-21T08:45:43.857+02:00  INFO 12674 --- [           main] o.s.b.a.e.web.EndpointLinksResolver      : Exposing 1 endpoint(s) beneath base path '/actuator'
2023-09-21T08:45:43.859+02:00  INFO 12674 --- [           main] o.s.t.web.servlet.TestDispatcherServlet  : Completed initialization in 3 ms
2023-09-21T08:45:43.871+02:00  INFO 12674 --- [           main] ueryBuilderTests$QaSystemExplanationTest : Started ExplanationControllerTest.QueryBuilderTests.QaSystemExplanationTest in 0.301 seconds (process running for 4.91)
]]></system-out>
  </testcase>
  <testcase name="givenGraphURICallsSystemExplanation" classname="com.wse.qanaryexplanationservice.controller.ExplanationControllerTest$QueryBuilderTests$QaSystemExplanationTest" time="0.014"/>
</testsuite>